"C:/Users/David/Documents/Unreal Projects/BudgetBackrooms/Content/Widgets/W_Settings_Chose/twotone_display_settings_white_48dp.uasset" 0
"C:/Users/David/Documents/Unreal Projects/BudgetBackrooms/Content/Widgets/W_Settings_Chose/twotone_display_settings_white_48dp.uexp" 1
"C:/Users/David/Documents/Unreal Projects/BudgetBackrooms/Content/Widgets/W_PauseMenu/twotone_pause_circle_white_48dp.uasset" 2
"C:/Users/David/Documents/Unreal Projects/BudgetBackrooms/Content/Widgets/W_PauseMenu/twotone_pause_circle_white_48dp.uexp" 3
"C:/Users/David/Documents/Unreal Projects/BudgetBackrooms/Content/Widgets/W_OptionsMenu/twotone_wb_shade_white_48dp.uasset" 4
"C:/Users/David/Documents/Unreal Projects/BudgetBackrooms/Content/Widgets/W_OptionsMenu/twotone_wb_shade_white_48dp.uexp" 5
"C:/Users/David/Documents/Unreal Projects/BudgetBackrooms/Content/Widgets/W_OptionsMenu/twotone_photo_size_select_large_white_48dp.uasset" 6
"C:/Users/David/Documents/Unreal Projects/BudgetBackrooms/Content/Widgets/W_OptionsMenu/twotone_photo_size_select_large_white_48dp.uexp" 7
"C:/Users/David/Documents/Unreal Projects/BudgetBackrooms/Content/Widgets/W_OptionsMenu/twotone_deblur_white_48dp.uasset" 8
"C:/Users/David/Documents/Unreal Projects/BudgetBackrooms/Content/Widgets/W_OptionsMenu/twotone_deblur_white_48dp.uexp" 9
"C:/Users/David/Documents/Unreal Projects/BudgetBackrooms/Content/Widgets/W_OptionsMenu/icons8-visual-effects-96.uasset" 10
"C:/Users/David/Documents/Unreal Projects/BudgetBackrooms/Content/Widgets/W_OptionsMenu/icons8-visual-effects-96.uexp" 11
"C:/Users/David/Documents/Unreal Projects/BudgetBackrooms/Content/Widgets/W_OptionsMenu/icons8-candy-cane-pattern-96.uasset" 12
"C:/Users/David/Documents/Unreal Projects/BudgetBackrooms/Content/Widgets/W_OptionsMenu/icons8-candy-cane-pattern-96.uexp" 13
"C:/Users/David/Documents/Unreal Projects/BudgetBackrooms/Content/Widgets/W_OptionsMenu/icons8-blur-96.uasset" 14
"C:/Users/David/Documents/Unreal Projects/BudgetBackrooms/Content/Widgets/W_OptionsMenu/icons8-blur-96.uexp" 15
"C:/Users/David/Documents/Unreal Projects/BudgetBackrooms/Content/Widgets/W_OptionsMenu/animation-icon-two-tone.uasset" 16
"C:/Users/David/Documents/Unreal Projects/BudgetBackrooms/Content/Widgets/W_OptionsMenu/animation-icon-two-tone.uexp" 17
"C:/Users/David/Documents/Unreal Projects/BudgetBackrooms/Content/Widgets/W_OptionsMenu/twotone_arrow_back_white_48dp.uasset" 18
"C:/Users/David/Documents/Unreal Projects/BudgetBackrooms/Content/Widgets/W_OptionsMenu/twotone_arrow_back_white_48dp.uexp" 19
"C:/Users/David/Documents/Unreal Projects/BudgetBackrooms/Content/aoodio/ui/hover2.uasset" 20
"C:/Users/David/Documents/Unreal Projects/BudgetBackrooms/Content/aoodio/ui/hover2.uexp" 21
"C:/Users/David/Documents/Unreal Projects/BudgetBackrooms/Content/aoodio/ui/click.uasset" 22
"C:/Users/David/Documents/Unreal Projects/BudgetBackrooms/Content/aoodio/ui/click.uexp" 23
"C:/Users/David/Documents/Unreal Projects/BudgetBackrooms/Content/Widgets/W_OptionsMenu/OptionsMenu.uasset" 24
"C:/Users/David/Documents/Unreal Projects/BudgetBackrooms/Content/Widgets/W_OptionsMenu/OptionsMenu.uexp" 25
"C:/Users/David/Documents/Unreal Projects/BudgetBackrooms/Content/Widgets/W_PauseMenu/twotone_logout_white_48dp.uasset" 26
"C:/Users/David/Documents/Unreal Projects/BudgetBackrooms/Content/Widgets/W_PauseMenu/twotone_logout_white_48dp.uexp" 27
"C:/Users/David/Documents/Unreal Projects/BudgetBackrooms/Content/Widgets/W_PauseMenu/twotone_play_arrow_white_48dp.uasset" 28
"C:/Users/David/Documents/Unreal Projects/BudgetBackrooms/Content/Widgets/W_PauseMenu/twotone_play_arrow_white_48dp.uexp" 29
"C:/Users/David/Documents/Unreal Projects/BudgetBackrooms/Content/Fonts/Rubik-SemiBold.uasset" 30
"C:/Users/David/Documents/Unreal Projects/BudgetBackrooms/Content/Fonts/Rubik-SemiBold.uexp" 31
"C:/Users/David/Documents/Unreal Projects/BudgetBackrooms/Content/Fonts/Rubik-SemiBold.ufont" 32
"C:/Users/David/Documents/Unreal Projects/BudgetBackrooms/Content/Fonts/Rubik-SemiBold_Font.uasset" 33
"C:/Users/David/Documents/Unreal Projects/BudgetBackrooms/Content/Fonts/Rubik-SemiBold_Font.uexp" 34
"C:/Users/David/Documents/Unreal Projects/BudgetBackrooms/Content/Widgets/W_PauseMenu/PauseMenuWidget.uasset" 35
"C:/Users/David/Documents/Unreal Projects/BudgetBackrooms/Content/Widgets/W_PauseMenu/PauseMenuWidget.uexp" 36
"C:/Users/David/Documents/Unreal Projects/BudgetBackrooms/Content/Megascans/Surfaces/Painted_Concrete_Wall_ulxedaag/Albedo_4K_ulxedaag.uasset" 37
"C:/Users/David/Documents/Unreal Projects/BudgetBackrooms/Content/Megascans/Surfaces/Painted_Concrete_Wall_ulxedaag/Albedo_4K_ulxedaag.uexp" 38
"C:/Users/David/Documents/Unreal Projects/BudgetBackrooms/Content/Megascans/Surfaces/Painted_Concrete_Wall_ulxedaag/Albedo_4K_ulxedaag.ubulk" 39
"C:/Users/David/Documents/Unreal Projects/BudgetBackrooms/Content/Widgets/Sprint.uasset" 40
"C:/Users/David/Documents/Unreal Projects/BudgetBackrooms/Content/Widgets/Sprint.uexp" 41
"C:/Users/David/Documents/Unreal Projects/BudgetBackrooms/Content/aoodio/f4.uasset" 42
"C:/Users/David/Documents/Unreal Projects/BudgetBackrooms/Content/aoodio/f4.uexp" 43
"C:/Users/David/Documents/Unreal Projects/BudgetBackrooms/Content/aoodio/f3.uasset" 44
"C:/Users/David/Documents/Unreal Projects/BudgetBackrooms/Content/aoodio/f3.uexp" 45
"C:/Users/David/Documents/Unreal Projects/BudgetBackrooms/Content/aoodio/f2.uasset" 46
"C:/Users/David/Documents/Unreal Projects/BudgetBackrooms/Content/aoodio/f2.uexp" 47
"C:/Users/David/Documents/Unreal Projects/BudgetBackrooms/Content/aoodio/f1.uasset" 48
"C:/Users/David/Documents/Unreal Projects/BudgetBackrooms/Content/aoodio/f1.uexp" 49
"C:/Users/David/Documents/Unreal Projects/BudgetBackrooms/Content/aoodio/walking_carpet_Cue.uasset" 50
"C:/Users/David/Documents/Unreal Projects/BudgetBackrooms/Content/aoodio/walking_carpet_Cue.uexp" 51
"C:/Users/David/Documents/Unreal Projects/BudgetBackrooms/Content/aoodio/flashlait.uasset" 52
"C:/Users/David/Documents/Unreal Projects/BudgetBackrooms/Content/aoodio/flashlait.uexp" 53
"C:/Users/David/Documents/Unreal Projects/BudgetBackrooms/Content/Flashlight/T_Flashlight.uasset" 54
"C:/Users/David/Documents/Unreal Projects/BudgetBackrooms/Content/Flashlight/T_Flashlight.uexp" 55
"C:/Users/David/Documents/Unreal Projects/BudgetBackrooms/Content/Flashlight/T_Flashlight.ubulk" 56
"C:/Users/David/Documents/Unreal Projects/BudgetBackrooms/Content/Flashlight/M_Flashlight.uasset" 57
"C:/Users/David/Documents/Unreal Projects/BudgetBackrooms/Content/Flashlight/M_Flashlight.uexp" 58
"C:/Users/David/Documents/Unreal Projects/BudgetBackrooms/Content/HeadBobbing_Normal.uasset" 59
"C:/Users/David/Documents/Unreal Projects/BudgetBackrooms/Content/HeadBobbing_Normal.uexp" 60
"C:/Users/David/Documents/Unreal Projects/BudgetBackrooms/Content/P_Player.uasset" 61
"C:/Users/David/Documents/Unreal Projects/BudgetBackrooms/Content/P_Player.uexp" 62
"C:/Users/David/Documents/Unreal Projects/BudgetBackrooms/Content/GM_Game.uasset" 63
"C:/Users/David/Documents/Unreal Projects/BudgetBackrooms/Content/GM_Game.uexp" 64
"C:/Users/David/Documents/Unreal Projects/BudgetBackrooms/Content/Widgets/W_ExtWarn2/twotone_close_white_48dp.uasset" 65
"C:/Users/David/Documents/Unreal Projects/BudgetBackrooms/Content/Widgets/W_ExtWarn2/twotone_close_white_48dp.uexp" 66
"C:/Users/David/Documents/Unreal Projects/BudgetBackrooms/Content/Widgets/W_ExtWarn2/twotone_done_white_48dp.uasset" 67
"C:/Users/David/Documents/Unreal Projects/BudgetBackrooms/Content/Widgets/W_ExtWarn2/twotone_done_white_48dp.uexp" 68
"C:/Users/David/Documents/Unreal Projects/BudgetBackrooms/Content/Widgets/W_ExtWarn2/twotone_open_in_browser_white_48dp.uasset" 69
"C:/Users/David/Documents/Unreal Projects/BudgetBackrooms/Content/Widgets/W_ExtWarn2/twotone_open_in_browser_white_48dp.uexp" 70
"C:/Users/David/Documents/Unreal Projects/BudgetBackrooms/Content/Widgets/W_MainMenu/twotone_settings_white_48dp.uasset" 71
"C:/Users/David/Documents/Unreal Projects/BudgetBackrooms/Content/Widgets/W_MainMenu/twotone_settings_white_48dp.uexp" 72
"C:/Users/David/Documents/Unreal Projects/BudgetBackrooms/Content/Widgets/W_LoadingScreen/twotone_hourglass_bottom_white_48dp.uasset" 73
"C:/Users/David/Documents/Unreal Projects/BudgetBackrooms/Content/Widgets/W_LoadingScreen/twotone_hourglass_bottom_white_48dp.uexp" 74
"C:/Users/David/Documents/Unreal Projects/BudgetBackrooms/Content/Widgets/W_LoadingScreen/W_LoadingScreen.uasset" 75
"C:/Users/David/Documents/Unreal Projects/BudgetBackrooms/Content/Widgets/W_LoadingScreen/W_LoadingScreen.uexp" 76
"C:/Users/David/Documents/Unreal Projects/BudgetBackrooms/Content/Widgets/W_GHExternalWarn/twotone_open_in_browser_white_48dp.uasset" 77
"C:/Users/David/Documents/Unreal Projects/BudgetBackrooms/Content/Widgets/W_GHExternalWarn/twotone_open_in_browser_white_48dp.uexp" 78
"C:/Users/David/Documents/Unreal Projects/BudgetBackrooms/Content/Widgets/W_GHExternalWarn/twotone_done_white_48dp.uasset" 79
"C:/Users/David/Documents/Unreal Projects/BudgetBackrooms/Content/Widgets/W_GHExternalWarn/twotone_done_white_48dp.uexp" 80
"C:/Users/David/Documents/Unreal Projects/BudgetBackrooms/Content/Widgets/W_GHExternalWarn/twotone_close_white_48dp.uasset" 81
"C:/Users/David/Documents/Unreal Projects/BudgetBackrooms/Content/Widgets/W_GHExternalWarn/twotone_close_white_48dp.uexp" 82
"C:/Users/David/Documents/Unreal Projects/BudgetBackrooms/Content/aoodio/ui/notify.uasset" 83
"C:/Users/David/Documents/Unreal Projects/BudgetBackrooms/Content/aoodio/ui/notify.uexp" 84
"C:/Users/David/Documents/Unreal Projects/BudgetBackrooms/Content/Widgets/W_GHExternalWarn/W_GH_ExternalWarn.uasset" 85
"C:/Users/David/Documents/Unreal Projects/BudgetBackrooms/Content/Widgets/W_GHExternalWarn/W_GH_ExternalWarn.uexp" 86
"C:/Users/David/Documents/Unreal Projects/BudgetBackrooms/Content/Widgets/W_MainMenu/ic_github_white_48dp.uasset" 87
"C:/Users/David/Documents/Unreal Projects/BudgetBackrooms/Content/Widgets/W_MainMenu/ic_github_white_48dp.uexp" 88
"C:/Users/David/Documents/Unreal Projects/BudgetBackrooms/Content/Widgets/W_Settings_Chose/twotone_volume_up_white_48dp.uasset" 89
"C:/Users/David/Documents/Unreal Projects/BudgetBackrooms/Content/Widgets/W_Settings_Chose/twotone_volume_up_white_48dp.uexp" 90
"C:/Users/David/Documents/Unreal Projects/BudgetBackrooms/Content/Widgets/W_Settings_Chose/twotone_tune_white_48dp.uasset" 91
"C:/Users/David/Documents/Unreal Projects/BudgetBackrooms/Content/Widgets/W_Settings_Chose/twotone_tune_white_48dp.uexp" 92
"C:/Users/David/Documents/Unreal Projects/BudgetBackrooms/Content/Widgets/W_Opt_Menu/twotone_wb_shade_white_48dp.uasset" 93
"C:/Users/David/Documents/Unreal Projects/BudgetBackrooms/Content/Widgets/W_Opt_Menu/twotone_wb_shade_white_48dp.uexp" 94
"C:/Users/David/Documents/Unreal Projects/BudgetBackrooms/Content/Widgets/W_Opt_Menu/twotone_photo_size_select_large_white_48dp.uasset" 95
"C:/Users/David/Documents/Unreal Projects/BudgetBackrooms/Content/Widgets/W_Opt_Menu/twotone_photo_size_select_large_white_48dp.uexp" 96
"C:/Users/David/Documents/Unreal Projects/BudgetBackrooms/Content/Widgets/W_Opt_Menu/twotone_deblur_white_48dp.uasset" 97
"C:/Users/David/Documents/Unreal Projects/BudgetBackrooms/Content/Widgets/W_Opt_Menu/twotone_deblur_white_48dp.uexp" 98
"C:/Users/David/Documents/Unreal Projects/BudgetBackrooms/Content/Widgets/W_Opt_Menu/twotone_arrow_back_white_48dp.uasset" 99
"C:/Users/David/Documents/Unreal Projects/BudgetBackrooms/Content/Widgets/W_Opt_Menu/twotone_arrow_back_white_48dp.uexp" 100
"C:/Users/David/Documents/Unreal Projects/BudgetBackrooms/Content/Widgets/W_Opt_Menu/icons8-candy-cane-pattern-96.uasset" 101
"C:/Users/David/Documents/Unreal Projects/BudgetBackrooms/Content/Widgets/W_Opt_Menu/icons8-candy-cane-pattern-96.uexp" 102
"C:/Users/David/Documents/Unreal Projects/BudgetBackrooms/Content/Widgets/W_Opt_Menu/icons8-blur-96.uasset" 103
"C:/Users/David/Documents/Unreal Projects/BudgetBackrooms/Content/Widgets/W_Opt_Menu/icons8-blur-96.uexp" 104
"C:/Users/David/Documents/Unreal Projects/BudgetBackrooms/Content/Widgets/W_Opt_Menu/animation-icon-two-tone.uasset" 105
"C:/Users/David/Documents/Unreal Projects/BudgetBackrooms/Content/Widgets/W_Opt_Menu/animation-icon-two-tone.uexp" 106
"C:/Users/David/Documents/Unreal Projects/BudgetBackrooms/Content/Widgets/W_Opt_Menu/W_OptMenuMenu.uasset" 107
"C:/Users/David/Documents/Unreal Projects/BudgetBackrooms/Content/Widgets/W_Opt_Menu/W_OptMenuMenu.uexp" 108
"C:/Users/David/Documents/Unreal Projects/BudgetBackrooms/Content/Harti/M_LangSelect/test_button.uasset" 109
"C:/Users/David/Documents/Unreal Projects/BudgetBackrooms/Content/Harti/M_LangSelect/test_button.uexp" 110
"C:/Users/David/Documents/Unreal Projects/BudgetBackrooms/Content/Fonts/Rubik-Light.uasset" 111
"C:/Users/David/Documents/Unreal Projects/BudgetBackrooms/Content/Fonts/Rubik-Light.uexp" 112
"C:/Users/David/Documents/Unreal Projects/BudgetBackrooms/Content/Fonts/Rubik-Light.ufont" 113
"C:/Users/David/Documents/Unreal Projects/BudgetBackrooms/Content/Fonts/Rubik-Light_Font.uasset" 114
"C:/Users/David/Documents/Unreal Projects/BudgetBackrooms/Content/Fonts/Rubik-Light_Font.uexp" 115
"C:/Users/David/Documents/Unreal Projects/BudgetBackrooms/Content/Widgets/W_GeneralSettings/W_GeneralSettings.uasset" 116
"C:/Users/David/Documents/Unreal Projects/BudgetBackrooms/Content/Widgets/W_GeneralSettings/W_GeneralSettings.uexp" 117
"C:/Users/David/Documents/Unreal Projects/BudgetBackrooms/Content/Widgets/W_Settings_Chose/T_Circle.uasset" 118
"C:/Users/David/Documents/Unreal Projects/BudgetBackrooms/Content/Widgets/W_Settings_Chose/T_Circle.uexp" 119
"C:/Users/David/Documents/Unreal Projects/BudgetBackrooms/Content/Fonts/Rubik-Bold.uasset" 120
"C:/Users/David/Documents/Unreal Projects/BudgetBackrooms/Content/Fonts/Rubik-Bold.uexp" 121
"C:/Users/David/Documents/Unreal Projects/BudgetBackrooms/Content/Fonts/Rubik-Bold.ufont" 122
"C:/Users/David/Documents/Unreal Projects/BudgetBackrooms/Content/Fonts/Rubik-Bold_Font.uasset" 123
"C:/Users/David/Documents/Unreal Projects/BudgetBackrooms/Content/Fonts/Rubik-Bold_Font.uexp" 124
"C:/Users/David/Documents/Unreal Projects/BudgetBackrooms/Content/Widgets/W_AudioSettings/W_AudioSettings.uasset" 125
"C:/Users/David/Documents/Unreal Projects/BudgetBackrooms/Content/Widgets/W_AudioSettings/W_AudioSettings.uexp" 126
"C:/Users/David/Documents/Unreal Projects/BudgetBackrooms/Content/Widgets/W_Settings_Chose/W_Settings_Choose.uasset" 127
"C:/Users/David/Documents/Unreal Projects/BudgetBackrooms/Content/Widgets/W_Settings_Chose/W_Settings_Choose.uexp" 128
"C:/Users/David/Documents/Unreal Projects/BudgetBackrooms/Content/Widgets/W_MainMenu/W_MainMenu.uasset" 129
"C:/Users/David/Documents/Unreal Projects/BudgetBackrooms/Content/Widgets/W_MainMenu/W_MainMenu.uexp" 130
"C:/Users/David/Documents/Unreal Projects/BudgetBackrooms/Content/Widgets/W_NotifyTest/W_Safe.uasset" 131
"C:/Users/David/Documents/Unreal Projects/BudgetBackrooms/Content/Widgets/W_NotifyTest/W_Safe.uexp" 132
"C:/Users/David/Documents/Unreal Projects/BudgetBackrooms/Content/Widgets/W_NotifyTest/W_NotifyHUD_C1.uasset" 133
"C:/Users/David/Documents/Unreal Projects/BudgetBackrooms/Content/Widgets/W_NotifyTest/W_NotifyHUD_C1.uexp" 134
"C:/Users/David/Documents/Unreal Projects/BudgetBackrooms/Content/Widgets/W_NotifyTest/W_Danger.uasset" 135
"C:/Users/David/Documents/Unreal Projects/BudgetBackrooms/Content/Widgets/W_NotifyTest/W_Danger.uexp" 136
"C:/Users/David/Documents/Unreal Projects/BudgetBackrooms/Content/Widgets/W_NotifyTest/W_NotifyHUD_C5.uasset" 137
"C:/Users/David/Documents/Unreal Projects/BudgetBackrooms/Content/Widgets/W_NotifyTest/W_NotifyHUD_C5.uexp" 138
"C:/Users/David/Documents/Unreal Projects/BudgetBackrooms/Content/Widgets/W_NotifyTest/W_NotSoSafe.uasset" 139
"C:/Users/David/Documents/Unreal Projects/BudgetBackrooms/Content/Widgets/W_NotifyTest/W_NotSoSafe.uexp" 140
"C:/Users/David/Documents/Unreal Projects/BudgetBackrooms/Content/Widgets/W_NotifyTest/W_Unsafe.uasset" 141
"C:/Users/David/Documents/Unreal Projects/BudgetBackrooms/Content/Widgets/W_NotifyTest/W_Unsafe.uexp" 142
"C:/Users/David/Documents/Unreal Projects/BudgetBackrooms/Content/Widgets/W_NotifyTest/W_Warning.uasset" 143
"C:/Users/David/Documents/Unreal Projects/BudgetBackrooms/Content/Widgets/W_NotifyTest/W_Warning.uexp" 144
"C:/Users/David/Documents/Unreal Projects/BudgetBackrooms/Content/Widgets/W_OptionsMenu/icons8-mesh-96.uasset" 145
"C:/Users/David/Documents/Unreal Projects/BudgetBackrooms/Content/Widgets/W_OptionsMenu/icons8-mesh-96.uexp" 146
"C:/Users/David/Documents/Unreal Projects/BudgetBackrooms/Content/Widgets/W_OptionsMenu/twotone_wb_iridescent_white_48dp.uasset" 147
"C:/Users/David/Documents/Unreal Projects/BudgetBackrooms/Content/Widgets/W_OptionsMenu/twotone_wb_iridescent_white_48dp.uexp" 148
"C:/Users/David/Documents/Unreal Projects/BudgetBackrooms/Content/Widgets/W_Opt_Menu/icons8-mesh-96.uasset" 149
"C:/Users/David/Documents/Unreal Projects/BudgetBackrooms/Content/Widgets/W_Opt_Menu/icons8-mesh-96.uexp" 150
"C:/Users/David/Documents/Unreal Projects/BudgetBackrooms/Content/Widgets/W_Opt_Menu/icons8-visual-effects-96.uasset" 151
"C:/Users/David/Documents/Unreal Projects/BudgetBackrooms/Content/Widgets/W_Opt_Menu/icons8-visual-effects-96.uexp" 152
"C:/Users/David/Documents/Unreal Projects/BudgetBackrooms/Content/Widgets/W_Opt_Menu/twotone_wb_iridescent_white_48dp.uasset" 153
"C:/Users/David/Documents/Unreal Projects/BudgetBackrooms/Content/Widgets/W_Opt_Menu/twotone_wb_iridescent_white_48dp.uexp" 154
"C:/Users/David/Documents/Unreal Projects/BudgetBackrooms/Content/Widgets/W_PauseMenu/twotone_video_settings_white_48dp.uasset" 155
"C:/Users/David/Documents/Unreal Projects/BudgetBackrooms/Content/Widgets/W_PauseMenu/twotone_video_settings_white_48dp.uexp" 156
"../../../Engine/Content/Functions/Engine_MaterialFunctions01/Opacity/CameraDepthFade.uasset" 157
"../../../Engine/Content/Functions/Engine_MaterialFunctions01/Opacity/CameraDepthFade.uexp" 158
"../../../Engine/Content/EngineMaterials/T_Default_Material_Grid_N.uasset" 159
"../../../Engine/Content/EngineMaterials/T_Default_Material_Grid_N.uexp" 160
"../../../Engine/Content/EngineMaterials/T_Default_Material_Grid_N.ubulk" 161
"../../../Engine/Content/EngineMaterials/T_Default_Material_Grid_M.uasset" 162
"../../../Engine/Content/EngineMaterials/T_Default_Material_Grid_M.uexp" 163
"../../../Engine/Content/EngineMaterials/T_Default_Material_Grid_M.ubulk" 164
"../../../Engine/Content/EngineMaterials/WorldGridMaterial.uasset" 165
"../../../Engine/Content/EngineMaterials/WorldGridMaterial.uexp" 166
"../../../Engine/Content/ArtTools/RenderToTexture/Meshes/S_1_Unit_Plane.uasset" 167
"../../../Engine/Content/ArtTools/RenderToTexture/Meshes/S_1_Unit_Plane.uexp" 168
"../../../Engine/Content/EngineMaterials/DefaultMaterial.uasset" 169
"../../../Engine/Content/EngineMaterials/DefaultMaterial.uexp" 170
"../../../Engine/Content/BasicShapes/Cone.uasset" 171
"../../../Engine/Content/BasicShapes/Cone.uexp" 172
"../../../Engine/Content/BasicShapes/Sphere.uasset" 173
"../../../Engine/Content/BasicShapes/Sphere.uexp" 174
"../../../Engine/Content/EngineDamageTypes/DmgTypeBP_Environmental.uasset" 175
"../../../Engine/Content/EngineDamageTypes/DmgTypeBP_Environmental.uexp" 176
"../../../Engine/Content/EngineDebugMaterials/DebugEditorMaterial.uasset" 177
"../../../Engine/Content/EngineDebugMaterials/DebugEditorMaterial.uexp" 178
"../../../Engine/Content/EngineDebugMaterials/DebugMeshMaterial.uasset" 179
"../../../Engine/Content/EngineDebugMaterials/DebugMeshMaterial.uexp" 180
"../../../Engine/Content/EngineDebugMaterials/M_SimpleUnlitTranslucent.uasset" 181
"../../../Engine/Content/EngineDebugMaterials/M_SimpleUnlitTranslucent.uexp" 182
"../../../Engine/Content/Functions/Engine_MaterialFunctions02/Utility/CameraDirectionVector.uasset" 183
"../../../Engine/Content/Functions/Engine_MaterialFunctions02/Utility/CameraDirectionVector.uexp" 184
"../../../Engine/Content/EngineDebugMaterials/VolumeToRender.uasset" 185
"../../../Engine/Content/EngineDebugMaterials/VolumeToRender.uexp" 186
"../../../Engine/Content/EngineDebugMaterials/M_VolumeRenderSphereTracePP.uasset" 187
"../../../Engine/Content/EngineDebugMaterials/M_VolumeRenderSphereTracePP.uexp" 188
"../../../Engine/Content/Functions/Engine_MaterialFunctions01/Shading/ConvertFromDiffSpec.uasset" 189
"../../../Engine/Content/Functions/Engine_MaterialFunctions01/Shading/ConvertFromDiffSpec.uexp" 190
"../../../Engine/Content/EngineDebugMaterials/VertexColorMaterial.uasset" 191
"../../../Engine/Content/EngineDebugMaterials/VertexColorMaterial.uexp" 192
"../../../Engine/Content/EngineDebugMaterials/WireframeMaterial.uasset" 193
"../../../Engine/Content/EngineDebugMaterials/WireframeMaterial.uexp" 194
"../../../Engine/Content/EngineFonts/Faces/RobotoRegular.uasset" 195
"../../../Engine/Content/EngineFonts/Faces/RobotoRegular.uexp" 196
"../../../Engine/Content/EngineFonts/Faces/RobotoRegular.ufont" 197
"../../../Engine/Content/EngineFonts/Faces/RobotoLight.uasset" 198
"../../../Engine/Content/EngineFonts/Faces/RobotoLight.uexp" 199
"../../../Engine/Content/EngineFonts/Faces/RobotoLight.ufont" 200
"../../../Engine/Content/EngineFonts/Faces/RobotoItalic.uasset" 201
"../../../Engine/Content/EngineFonts/Faces/RobotoItalic.uexp" 202
"../../../Engine/Content/EngineFonts/Faces/RobotoItalic.ufont" 203
"../../../Engine/Content/EngineFonts/Faces/RobotoBoldItalic.uasset" 204
"../../../Engine/Content/EngineFonts/Faces/RobotoBoldItalic.uexp" 205
"../../../Engine/Content/EngineFonts/Faces/RobotoBoldItalic.ufont" 206
"../../../Engine/Content/EngineFonts/Faces/RobotoBold.uasset" 207
"../../../Engine/Content/EngineFonts/Faces/RobotoBold.uexp" 208
"../../../Engine/Content/EngineFonts/Faces/RobotoBold.ufont" 209
"../../../Engine/Content/EngineFonts/Faces/DroidSansFallback.uasset" 210
"../../../Engine/Content/EngineFonts/Faces/DroidSansFallback.uexp" 211
"../../../Engine/Content/EngineFonts/Faces/DroidSansFallback.ufont" 212
"../../../Engine/Content/EngineFonts/Roboto.uasset" 213
"../../../Engine/Content/EngineFonts/Roboto.uexp" 214
"../../../Engine/Content/EngineMaterials/BaseFlattenNormalMap.uasset" 215
"../../../Engine/Content/EngineMaterials/BaseFlattenNormalMap.uexp" 216
"../../../Engine/Content/EngineMaterials/BaseFlattenGrayscaleMap.uasset" 217
"../../../Engine/Content/EngineMaterials/BaseFlattenGrayscaleMap.uexp" 218
"../../../Engine/Content/EngineMaterials/BaseFlattenEmissiveMap.uasset" 219
"../../../Engine/Content/EngineMaterials/BaseFlattenEmissiveMap.uexp" 220
"../../../Engine/Content/EngineMaterials/BaseFlattenDiffuseMap.uasset" 221
"../../../Engine/Content/EngineMaterials/BaseFlattenDiffuseMap.uexp" 222
"../../../Engine/Content/EngineMaterials/BaseFlattenMaterial.uasset" 223
"../../../Engine/Content/EngineMaterials/BaseFlattenMaterial.uexp" 224
"../../../Engine/Content/EngineMaterials/BlueNoise.uasset" 225
"../../../Engine/Content/EngineMaterials/BlueNoise.uexp" 226
"../../../Engine/Content/EngineMaterials/DefaultBloomKernel.uasset" 227
"../../../Engine/Content/EngineMaterials/DefaultBloomKernel.uexp" 228
"../../../Engine/Content/EngineMaterials/DefaultBokeh.uasset" 229
"../../../Engine/Content/EngineMaterials/DefaultBokeh.uexp" 230
"../../../Engine/Content/EngineMaterials/DefaultDiffuse.uasset" 231
"../../../Engine/Content/EngineMaterials/DefaultDiffuse.uexp" 232
"../../../Engine/Content/EngineMaterials/DefaultDiffuse.ubulk" 233
"../../../Engine/Content/EngineMaterials/DefaultDeferredDecalMaterial.uasset" 234
"../../../Engine/Content/EngineMaterials/DefaultDeferredDecalMaterial.uexp" 235
"../../../Engine/Content/EngineMaterials/DefaultLightFunctionMaterial.uasset" 236
"../../../Engine/Content/EngineMaterials/DefaultLightFunctionMaterial.uexp" 237
"../../../Engine/Content/EngineMaterials/DefaultPhysicalMaterial.uasset" 238
"../../../Engine/Content/EngineMaterials/DefaultPhysicalMaterial.uexp" 239
"../../../Engine/Content/Functions/Engine_MaterialFunctions02/Utility/BreakOutFloat2Components.uasset" 240
"../../../Engine/Content/Functions/Engine_MaterialFunctions02/Utility/BreakOutFloat2Components.uexp" 241
"../../../Engine/Content/EngineMaterials/DefaultPostProcessMaterial.uasset" 242
"../../../Engine/Content/EngineMaterials/DefaultPostProcessMaterial.uexp" 243
"../../../Engine/Content/EngineFonts/RobotoDistanceField.uasset" 244
"../../../Engine/Content/EngineFonts/RobotoDistanceField.uexp" 245
"../../../Engine/Content/EngineMaterials/DefaultTextMaterialOpaque.uasset" 246
"../../../Engine/Content/EngineMaterials/DefaultTextMaterialOpaque.uexp" 247
"../../../Engine/Content/EngineMaterials/DefaultWhiteGrid_Low.uasset" 248
"../../../Engine/Content/EngineMaterials/DefaultWhiteGrid_Low.uexp" 249
"../../../Engine/Content/EngineMaterials/EmissiveMeshMaterial.uasset" 250
"../../../Engine/Content/EngineMaterials/EmissiveMeshMaterial.uexp" 251
"../../../Engine/Content/EngineMaterials/GizmoMaterial.uasset" 252
"../../../Engine/Content/EngineMaterials/GizmoMaterial.uexp" 253
"../../../Engine/Content/EngineMaterials/Good64x64TilingNoiseHighFreq.uasset" 254
"../../../Engine/Content/EngineMaterials/Good64x64TilingNoiseHighFreq.uexp" 255
"../../../Engine/Content/EngineMaterials/MiniFont.uasset" 256
"../../../Engine/Content/EngineMaterials/MiniFont.uexp" 257
"../../../Engine/Content/EngineMaterials/InvalidLightmapSettings.uasset" 258
"../../../Engine/Content/EngineMaterials/InvalidLightmapSettings.uexp" 259
"../../../Engine/Content/EngineMaterials/InvalidLightmapSettings.ubulk" 260
"../../../Engine/Content/EngineMaterials/M_InvalidLightmapSettings.uasset" 261
"../../../Engine/Content/EngineMaterials/M_InvalidLightmapSettings.uexp" 262
"../../../Engine/Content/Functions/Engine_MaterialFunctions02/WorldPositionOffset/CameraOffset.uasset" 263
"../../../Engine/Content/Functions/Engine_MaterialFunctions02/WorldPositionOffset/CameraOffset.uexp" 264
"../../../Engine/Content/EngineMaterials/PhAT_JointLimitMaterial.uasset" 265
"../../../Engine/Content/EngineMaterials/PhAT_JointLimitMaterial.uexp" 266
"../../../Engine/Content/EngineMaterials/DefaultCalibrationColor.uasset" 267
"../../../Engine/Content/EngineMaterials/DefaultCalibrationColor.uexp" 268
"../../../Engine/Content/EngineMaterials/PPM_DefaultCalibrationColor.uasset" 269
"../../../Engine/Content/EngineMaterials/PPM_DefaultCalibrationColor.uexp" 270
"../../../Engine/Content/EngineMaterials/DefaultCalibrationGrayscale.uasset" 271
"../../../Engine/Content/EngineMaterials/DefaultCalibrationGrayscale.uexp" 272
"../../../Engine/Content/EngineMaterials/PPM_DefaultCalibrationGrayscale.uasset" 273
"../../../Engine/Content/EngineMaterials/PPM_DefaultCalibrationGrayscale.uexp" 274
"../../../Engine/Content/EngineMaterials/PreintegratedSkinBRDF.uasset" 275
"../../../Engine/Content/EngineMaterials/PreintegratedSkinBRDF.uexp" 276
"../../../Engine/Content/EngineMaterials/RemoveSurfaceMaterial.uasset" 277
"../../../Engine/Content/EngineMaterials/RemoveSurfaceMaterial.uexp" 278
"../../../Engine/Content/EngineMaterials/WeightMapPlaceholderTexture.uasset" 279
"../../../Engine/Content/EngineMaterials/WeightMapPlaceholderTexture.uexp" 280
"../../../Engine/Content/EngineResources/WhiteSquareTexture.uasset" 281
"../../../Engine/Content/EngineResources/WhiteSquareTexture.uexp" 282
"../../../Engine/Content/EngineMaterials/Widget3DPassThrough.uasset" 283
"../../../Engine/Content/EngineMaterials/Widget3DPassThrough.uexp" 284
"../../../Engine/Content/EngineMaterials/Widget3DPassThrough_Masked.uasset" 285
"../../../Engine/Content/EngineMaterials/Widget3DPassThrough_Masked.uexp" 286
"../../../Engine/Content/EngineMaterials/Widget3DPassThrough_Opaque.uasset" 287
"../../../Engine/Content/EngineMaterials/Widget3DPassThrough_Opaque.uexp" 288
"../../../Engine/Content/EngineMaterials/Widget3DPassThrough_Masked_OneSided.uasset" 289
"../../../Engine/Content/EngineMaterials/Widget3DPassThrough_Masked_OneSided.uexp" 290
"../../../Engine/Content/EngineMaterials/Widget3DPassThrough_Opaque_OneSided.uasset" 291
"../../../Engine/Content/EngineMaterials/Widget3DPassThrough_Opaque_OneSided.uexp" 292
"../../../Engine/Content/EngineMaterials/Widget3DPassThrough_Translucent.uasset" 293
"../../../Engine/Content/EngineMaterials/Widget3DPassThrough_Translucent.uexp" 294
"../../../Engine/Content/EngineMaterials/Widget3DPassThrough_Translucent_OneSided.uasset" 295
"../../../Engine/Content/EngineMaterials/Widget3DPassThrough_Translucent_OneSided.uexp" 296
"../../../Engine/Content/EngineMeshes/Cylinder.uasset" 297
"../../../Engine/Content/EngineMeshes/Cylinder.uexp" 298
"../../../Engine/Content/EngineMeshes/Sphere.uasset" 299
"../../../Engine/Content/EngineMeshes/Sphere.uexp" 300
"../../../Engine/Content/EngineResources/DefaultTexture.uasset" 301
"../../../Engine/Content/EngineResources/DefaultTexture.uexp" 302
"../../../Engine/Content/EngineResources/DefaultTexture.ubulk" 303
"../../../Engine/Content/EngineResources/DefaultTextureCube.uasset" 304
"../../../Engine/Content/EngineResources/DefaultTextureCube.uexp" 305
"../../../Engine/Content/EngineResources/DefaultVolumeTexture2D.uasset" 306
"../../../Engine/Content/EngineResources/DefaultVolumeTexture2D.uexp" 307
"../../../Engine/Content/EngineResources/DefaultVolumeTexture.uasset" 308
"../../../Engine/Content/EngineResources/DefaultVolumeTexture.uexp" 309
"../../../Engine/Content/EngineResources/GradientTexture0.uasset" 310
"../../../Engine/Content/EngineResources/GradientTexture0.uexp" 311
"../../../Engine/Content/EngineSky/VolumetricClouds/T_NoiseShape64.uasset" 312
"../../../Engine/Content/EngineSky/VolumetricClouds/T_NoiseShape64.uexp" 313
"../../../Engine/Content/EngineSky/VolumetricClouds/T_NoiseShape64.ubulk" 314
"../../../Engine/Content/EngineSky/VolumetricClouds/T_VolumeNoiseShape64.uasset" 315
"../../../Engine/Content/EngineSky/VolumetricClouds/T_VolumeNoiseShape64.uexp" 316
"../../../Engine/Content/EngineSky/VolumetricClouds/T_NoiseErosion.uasset" 317
"../../../Engine/Content/EngineSky/VolumetricClouds/T_NoiseErosion.uexp" 318
"../../../Engine/Content/EngineSky/VolumetricClouds/T_NoiseErosion.ubulk" 319
"../../../Engine/Content/EngineSky/VolumetricClouds/T_VolumeNoiseErosion32.uasset" 320
"../../../Engine/Content/EngineSky/VolumetricClouds/T_VolumeNoiseErosion32.uexp" 321
"../../../Engine/Content/Functions/Engine_MaterialFunctions02/Utility/MakeFloat2.uasset" 322
"../../../Engine/Content/Functions/Engine_MaterialFunctions02/Utility/MakeFloat2.uexp" 323
"../../../Engine/Content/EngineSky/VolumetricClouds/CloudWeatherTexture.uasset" 324
"../../../Engine/Content/EngineSky/VolumetricClouds/CloudWeatherTexture.uexp" 325
"../../../Engine/Content/EngineSky/VolumetricClouds/CloudGradientTexture.uasset" 326
"../../../Engine/Content/EngineSky/VolumetricClouds/CloudGradientTexture.uexp" 327
"../../../Engine/Content/EngineSky/VolumetricClouds/m_SimpleVolumetricCloud.uasset" 328
"../../../Engine/Content/EngineSky/VolumetricClouds/m_SimpleVolumetricCloud.uexp" 329
"../../../Engine/Content/EngineSky/VolumetricClouds/m_SimpleVolumetricCloud_Inst.uasset" 330
"../../../Engine/Content/EngineSky/VolumetricClouds/m_SimpleVolumetricCloud_Inst.uexp" 331
"../../../Engine/Content/EngineSounds/Master.uasset" 332
"../../../Engine/Content/EngineSounds/Master.uexp" 333
"../../../Engine/Content/Functions/Engine_MaterialFunctions01/Shading/PowerToRoughness.uasset" 334
"../../../Engine/Content/Functions/Engine_MaterialFunctions01/Shading/PowerToRoughness.uexp" 335
"../../../Engine/Content/Maps/Templates/Thumbnails/Default.uasset" 336
"../../../Engine/Content/Maps/Templates/Thumbnails/Default.uexp" 337
"../../../Engine/Content/Maps/Templates/Thumbnails/TimeOfDay.uasset" 338
"../../../Engine/Content/Maps/Templates/Thumbnails/TimeOfDay.uexp" 339
"../../../Engine/Content/Maps/Templates/Thumbnails/VR-Basic.uasset" 340
"../../../Engine/Content/Maps/Templates/Thumbnails/VR-Basic.uexp" 341
"../../../Engine/Content/MobileResources/T_MobileControls_texture.uasset" 342
"../../../Engine/Content/MobileResources/T_MobileControls_texture.uexp" 343
"../../../Engine/Content/MobileResources/T_MobileMenu2.uasset" 344
"../../../Engine/Content/MobileResources/T_MobileMenu2.uexp" 345
"../../../Engine/Content/MobileResources/HUD/AnalogHat.uasset" 346
"../../../Engine/Content/MobileResources/HUD/AnalogHat.uexp" 347
"../../../Engine/Content/MobileResources/HUD/VirtualJoystick_Thumb.uasset" 348
"../../../Engine/Content/MobileResources/HUD/VirtualJoystick_Thumb.uexp" 349
"../../../Engine/Content/MobileResources/HUD/VirtualJoystick_Background.uasset" 350
"../../../Engine/Content/MobileResources/HUD/VirtualJoystick_Background.uexp" 351
"../../../Engine/Content/MobileResources/HUD/DefaultVirtualJoysticks.uasset" 352
"../../../Engine/Content/MobileResources/HUD/DefaultVirtualJoysticks.uexp" 353
"../../../Engine/Content/MobileResources/HUD/LeftVirtualJoystickOnly.uasset" 354
"../../../Engine/Content/MobileResources/HUD/LeftVirtualJoystickOnly.uexp" 355
"../../../Engine/Content/MobileResources/HUD/MobileHUDButton1_off.uasset" 356
"../../../Engine/Content/MobileResources/HUD/MobileHUDButton1_off.uexp" 357
"../../../Engine/Content/MobileResources/HUD/MobileHUDButton1_on.uasset" 358
"../../../Engine/Content/MobileResources/HUD/MobileHUDButton1_on.uexp" 359
"../../../Engine/Content/MobileResources/HUD/MobileHUDButton2_off.uasset" 360
"../../../Engine/Content/MobileResources/HUD/MobileHUDButton2_off.uexp" 361
"../../../Engine/Content/MobileResources/HUD/MobileHUDButton2_on.uasset" 362
"../../../Engine/Content/MobileResources/HUD/MobileHUDButton2_on.uexp" 363
"../../../Engine/Content/MobileResources/HUD/MobileHUDButton3.uasset" 364
"../../../Engine/Content/MobileResources/HUD/MobileHUDButton3.uexp" 365
"../../../Engine/Content/MobileResources/HUD/MobileHUDButtonFire.uasset" 366
"../../../Engine/Content/MobileResources/HUD/MobileHUDButtonFire.uexp" 367
"../../../Engine/Content/MobileResources/HUD/MobileHUDDirectionPad.uasset" 368
"../../../Engine/Content/MobileResources/HUD/MobileHUDDirectionPad.uexp" 369
"../../../Engine/Content/MobileResources/HUD/MobileHUDDirectionPad2.uasset" 370
"../../../Engine/Content/MobileResources/HUD/MobileHUDDirectionPad2.uexp" 371
"../../../Engine/Content/MobileResources/HUD/MobileHUDDirectionPad3.uasset" 372
"../../../Engine/Content/MobileResources/HUD/MobileHUDDirectionPad3.uexp" 373
"../../../Engine/Content/MobileResources/HUD/MobileHUDDirectionStick.uasset" 374
"../../../Engine/Content/MobileResources/HUD/MobileHUDDirectionStick.uexp" 375
"../../../Engine/Content/MobileResources/HUD/T_Castle_ThumbstickInner.uasset" 376
"../../../Engine/Content/MobileResources/HUD/T_Castle_ThumbstickInner.uexp" 377
"../../../Engine/Content/MobileResources/HUD/T_Castle_ThumbstickOutter.uasset" 378
"../../../Engine/Content/MobileResources/HUD/T_Castle_ThumbstickOutter.uexp" 379
"../../../Engine/Content/Tutorial/ContentIntroCurve.uasset" 380
"../../../Engine/Content/Tutorial/ContentIntroCurve.uexp" 381
"../../../Engine/Content/Tutorial/Basics/TutorialAssets/icon_tab_Levels_40x.uasset" 382
"../../../Engine/Content/Tutorial/Basics/TutorialAssets/icon_tab_Levels_40x.uexp" 383
"../../../Engine/Content/Tutorial/BlueprintTutorials/TutorialAssets/Blueprint_64x.uasset" 384
"../../../Engine/Content/Tutorial/BlueprintTutorials/TutorialAssets/Blueprint_64x.uexp" 385
"../../../Engine/Content/Tutorial/Landscape/TutorialAssets/Landscape.uasset" 386
"../../../Engine/Content/Tutorial/Landscape/TutorialAssets/Landscape.uexp" 387
"../../../Engine/Content/Tutorial/Mobile/TutorialAssets/IOS.uasset" 388
"../../../Engine/Content/Tutorial/Mobile/TutorialAssets/IOS.uexp" 389
"../../../Engine/Plugins/2D/Paper2D/Content/PlaceholderTextures/DummySpriteTexture.uasset" 390
"../../../Engine/Plugins/2D/Paper2D/Content/PlaceholderTextures/DummySpriteTexture.uexp" 391
"../../../Engine/Plugins/2D/Paper2D/Content/PlaceholderTextures/DummySpriteTexture.ubulk" 392
"../../../Engine/Plugins/2D/Paper2D/Content/DummySprite.uasset" 393
"../../../Engine/Plugins/2D/Paper2D/Content/DummySprite.uexp" 394
"../../../Engine/Plugins/2D/Paper2D/Content/DefaultPaperTerrainMaterial.uasset" 395
"../../../Engine/Plugins/2D/Paper2D/Content/DefaultPaperTerrainMaterial.uexp" 396
"../../../Engine/Plugins/2D/Paper2D/Content/DefaultSpriteMaterial.uasset" 397
"../../../Engine/Plugins/2D/Paper2D/Content/DefaultSpriteMaterial.uexp" 398
"../../../Engine/Plugins/2D/Paper2D/Content/MaskedUnlitSpriteMaterial.uasset" 399
"../../../Engine/Plugins/2D/Paper2D/Content/MaskedUnlitSpriteMaterial.uexp" 400
"../../../Engine/Plugins/2D/Paper2D/Content/OpaqueUnlitSpriteMaterial.uasset" 401
"../../../Engine/Plugins/2D/Paper2D/Content/OpaqueUnlitSpriteMaterial.uexp" 402
"../../../Engine/Content/Functions/Engine_MaterialFunctions02/Utility/VectorLength.uasset" 403
"../../../Engine/Content/Functions/Engine_MaterialFunctions02/Utility/VectorLength.uexp" 404
"../../../Engine/Content/Functions/Engine_MaterialFunctions02/SafeNormalize.uasset" 405
"../../../Engine/Content/Functions/Engine_MaterialFunctions02/SafeNormalize.uexp" 406
"../../../Engine/Content/Functions/Engine_MaterialFunctions02/ObjectLocalBounds.uasset" 407
"../../../Engine/Content/Functions/Engine_MaterialFunctions02/ObjectLocalBounds.uexp" 408
"../../../Engine/Content/Functions/Engine_MaterialFunctions02/Utility/BreakOutFloat3Components.uasset" 409
"../../../Engine/Content/Functions/Engine_MaterialFunctions02/Utility/BreakOutFloat3Components.uexp" 410
"../../../Engine/Plugins/Editor/SpeedTreeImporter/Content/SpeedTree9/UnpackInteger3.uasset" 411
"../../../Engine/Plugins/Editor/SpeedTreeImporter/Content/SpeedTree9/UnpackInteger3.uexp" 412
"../../../Engine/Plugins/Editor/SpeedTreeImporter/Content/SpeedTree9/UnpackDirection.uasset" 413
"../../../Engine/Plugins/Editor/SpeedTreeImporter/Content/SpeedTree9/UnpackDirection.uexp" 414
"../../../Engine/Plugins/Editor/SpeedTreeImporter/Content/SpeedTree9/game_wind_noise.uasset" 415
"../../../Engine/Plugins/Editor/SpeedTreeImporter/Content/SpeedTree9/game_wind_noise.uexp" 416
"../../../Engine/Plugins/Editor/SpeedTreeImporter/Content/SpeedTree9/game_wind_noise.ubulk" 417
"../../../Engine/Plugins/Editor/SpeedTreeImporter/Content/SpeedTree9/SpeedTreeWindMotion.uasset" 418
"../../../Engine/Plugins/Editor/SpeedTreeImporter/Content/SpeedTree9/SpeedTreeWindMotion.uexp" 419
"../../../Engine/Plugins/Editor/SpeedTreeImporter/Content/SpeedTree9/SpeedTreeBranchMotion.uasset" 420
"../../../Engine/Plugins/Editor/SpeedTreeImporter/Content/SpeedTree9/SpeedTreeBranchMotion.uexp" 421
"../../../Engine/Content/Functions/Engine_MaterialFunctions02/UVs/BoundingBoxBased_0-1_UVW.uasset" 422
"../../../Engine/Content/Functions/Engine_MaterialFunctions02/UVs/BoundingBoxBased_0-1_UVW.uexp" 423
"../../../Engine/Content/Functions/Engine_MaterialFunctions02/WorldPositionOffset/ObjectScale.uasset" 424
"../../../Engine/Content/Functions/Engine_MaterialFunctions02/WorldPositionOffset/ObjectScale.uexp" 425
"../../../Engine/Plugins/Editor/SpeedTreeImporter/Content/SpeedTree9/SpeedTreeWind.uasset" 426
"../../../Engine/Plugins/Editor/SpeedTreeImporter/Content/SpeedTree9/SpeedTreeWind.uexp" 427
"../../../Engine/Plugins/Editor/SpeedTreeImporter/Content/SpeedTree9/SpeedTreeBillboard.uasset" 428
"../../../Engine/Plugins/Editor/SpeedTreeImporter/Content/SpeedTree9/SpeedTreeBillboard.uexp" 429
"../../../Engine/Plugins/Editor/SpeedTreeImporter/Content/SpeedTree9/EmptyNormal.uasset" 430
"../../../Engine/Plugins/Editor/SpeedTreeImporter/Content/SpeedTree9/EmptyNormal.uexp" 431
"../../../Engine/Plugins/Editor/SpeedTreeImporter/Content/SpeedTree9/Empty.uasset" 432
"../../../Engine/Plugins/Editor/SpeedTreeImporter/Content/SpeedTree9/Empty.uexp" 433
"../../../Engine/Plugins/Editor/SpeedTreeImporter/Content/SpeedTree9/SpeedTreeBillboardMaster.uasset" 434
"../../../Engine/Plugins/Editor/SpeedTreeImporter/Content/SpeedTree9/SpeedTreeBillboardMaster.uexp" 435
"../../../Engine/Plugins/Editor/SpeedTreeImporter/Content/SpeedTree9/SpeedTreeCameraFacing.uasset" 436
"../../../Engine/Plugins/Editor/SpeedTreeImporter/Content/SpeedTree9/SpeedTreeCameraFacing.uexp" 437
"../../../Engine/Plugins/Editor/SpeedTreeImporter/Content/SpeedTree9/SpeedTreeMaster.uasset" 438
"../../../Engine/Plugins/Editor/SpeedTreeImporter/Content/SpeedTree9/SpeedTreeMaster.uexp" 439
"../../../Engine/Plugins/Experimental/CommonUI/Content/VideoPlayerMaterial.uasset" 440
"../../../Engine/Plugins/Experimental/CommonUI/Content/VideoPlayerMaterial.uexp" 441
"../../../Engine/Content/BasicShapes/Cylinder.uasset" 442
"../../../Engine/Content/BasicShapes/Cylinder.uexp" 443
"../../../Engine/Content/ArtTools/RenderToTexture/Materials/Debug/M_Emissive_Color.uasset" 444
"../../../Engine/Content/ArtTools/RenderToTexture/Materials/Debug/M_Emissive_Color.uexp" 445
"../../../Engine/Plugins/Lumin/MagicLeapPassableWorld/Content/MagicLeapARPinInfoActor.uasset" 446
"../../../Engine/Plugins/Lumin/MagicLeapPassableWorld/Content/MagicLeapARPinInfoActor.uexp" 447
"../../../Engine/Plugins/Marketplace/Substance/Content/Templates/textures/default_normal.uasset" 448
"../../../Engine/Plugins/Marketplace/Substance/Content/Templates/textures/default_normal.uexp" 449
"../../../Engine/Plugins/Marketplace/Substance/Content/Templates/textures/default_color.uasset" 450
"../../../Engine/Plugins/Marketplace/Substance/Content/Templates/textures/default_color.uexp" 451
"../../../Engine/Content/Functions/Engine_MaterialFunctions02/Texturing/CustomRotator.uasset" 452
"../../../Engine/Content/Functions/Engine_MaterialFunctions02/Texturing/CustomRotator.uexp" 453
"../../../Engine/Plugins/Marketplace/Substance/Content/Templates/material_functions/tiling.uasset" 454
"../../../Engine/Plugins/Marketplace/Substance/Content/Templates/material_functions/tiling.uexp" 455
"../../../Engine/Plugins/Marketplace/Substance/Content/Templates/parent_materials/Substance_Basic_Template.uasset" 456
"../../../Engine/Plugins/Marketplace/Substance/Content/Templates/parent_materials/Substance_Basic_Template.uexp" 457
"../../../Engine/Content/EngineResources/Black.uasset" 458
"../../../Engine/Content/EngineResources/Black.uexp" 459
"../../../Engine/Plugins/Runtime/OpenXR/Content/Devices/GoogleDaydream/MRTexture.uasset" 460
"../../../Engine/Plugins/Runtime/OpenXR/Content/Devices/GoogleDaydream/MRTexture.uexp" 461
"../../../Engine/Plugins/Runtime/OpenXR/Content/Devices/GoogleDaydream/MRTexture.ubulk" 462
"../../../Engine/Plugins/Runtime/OpenXR/Content/Devices/GoogleDaydream/BaseTexture.uasset" 463
"../../../Engine/Plugins/Runtime/OpenXR/Content/Devices/GoogleDaydream/BaseTexture.uexp" 464
"../../../Engine/Plugins/Runtime/OpenXR/Content/Devices/GoogleDaydream/BaseTexture.ubulk" 465
"../../../Engine/Plugins/Runtime/OpenXR/Content/Devices/M_XRController.uasset" 466
"../../../Engine/Plugins/Runtime/OpenXR/Content/Devices/M_XRController.uexp" 467
"../../../Engine/Plugins/Runtime/OpenXR/Content/Devices/GoogleDaydream/MI_GoogleDaydream.uasset" 468
"../../../Engine/Plugins/Runtime/OpenXR/Content/Devices/GoogleDaydream/MI_GoogleDaydream.uexp" 469
"../../../Engine/Plugins/Runtime/OpenXR/Content/Devices/GoogleDaydream/GoogleDaydreamController.uasset" 470
"../../../Engine/Plugins/Runtime/OpenXR/Content/Devices/GoogleDaydream/GoogleDaydreamController.uexp" 471
"../../../Engine/Plugins/Runtime/OpenXR/Content/Devices/HTCVive/BaseTexture.uasset" 472
"../../../Engine/Plugins/Runtime/OpenXR/Content/Devices/HTCVive/BaseTexture.uexp" 473
"../../../Engine/Plugins/Runtime/OpenXR/Content/Devices/HTCVive/BaseTexture.ubulk" 474
"../../../Engine/Plugins/Runtime/OpenXR/Content/Devices/HTCVive/MI_HTCVive.uasset" 475
"../../../Engine/Plugins/Runtime/OpenXR/Content/Devices/HTCVive/MI_HTCVive.uexp" 476
"../../../Engine/Plugins/Runtime/OpenXR/Content/Devices/HTCVive/HTCViveController.uasset" 477
"../../../Engine/Plugins/Runtime/OpenXR/Content/Devices/HTCVive/HTCViveController.uexp" 478
"../../../Engine/Plugins/Runtime/OpenXR/Content/Devices/MicrosoftMixedReality/NormalTexture.uasset" 479
"../../../Engine/Plugins/Runtime/OpenXR/Content/Devices/MicrosoftMixedReality/NormalTexture.uexp" 480
"../../../Engine/Plugins/Runtime/OpenXR/Content/Devices/MicrosoftMixedReality/NormalTexture.ubulk" 481
"../../../Engine/Plugins/Runtime/OpenXR/Content/Devices/MicrosoftMixedReality/MRTexture.uasset" 482
"../../../Engine/Plugins/Runtime/OpenXR/Content/Devices/MicrosoftMixedReality/MRTexture.uexp" 483
"../../../Engine/Plugins/Runtime/OpenXR/Content/Devices/MicrosoftMixedReality/MRTexture.ubulk" 484
"../../../Engine/Plugins/Runtime/OpenXR/Content/Devices/MicrosoftMixedReality/EmissiveTexture.uasset" 485
"../../../Engine/Plugins/Runtime/OpenXR/Content/Devices/MicrosoftMixedReality/EmissiveTexture.uexp" 486
"../../../Engine/Plugins/Runtime/OpenXR/Content/Devices/MicrosoftMixedReality/EmissiveTexture.ubulk" 487
"../../../Engine/Plugins/Runtime/OpenXR/Content/Devices/MicrosoftMixedReality/BaseTexture.uasset" 488
"../../../Engine/Plugins/Runtime/OpenXR/Content/Devices/MicrosoftMixedReality/BaseTexture.uexp" 489
"../../../Engine/Plugins/Runtime/OpenXR/Content/Devices/MicrosoftMixedReality/BaseTexture.ubulk" 490
"../../../Engine/Plugins/Runtime/OpenXR/Content/Devices/MicrosoftMixedReality/MI_MicrosoftMixedReality.uasset" 491
"../../../Engine/Plugins/Runtime/OpenXR/Content/Devices/MicrosoftMixedReality/MI_MicrosoftMixedReality.uexp" 492
"../../../Engine/Plugins/Runtime/OpenXR/Content/Devices/MicrosoftMixedReality/Left/left_MicrosoftMixedRealityController.uasset" 493
"../../../Engine/Plugins/Runtime/OpenXR/Content/Devices/MicrosoftMixedReality/Left/left_MicrosoftMixedRealityController.uexp" 494
"../../../Engine/Plugins/Runtime/OpenXR/Content/Devices/MicrosoftMixedReality/Right/right_MicrosoftMixedRealityController.uasset" 495
"../../../Engine/Plugins/Runtime/OpenXR/Content/Devices/MicrosoftMixedReality/Right/right_MicrosoftMixedRealityController.uexp" 496
"../../../Engine/Plugins/Runtime/OpenXR/Content/Devices/OculusGo/BaseTexture.uasset" 497
"../../../Engine/Plugins/Runtime/OpenXR/Content/Devices/OculusGo/BaseTexture.uexp" 498
"../../../Engine/Plugins/Runtime/OpenXR/Content/Devices/OculusGo/BaseTexture.ubulk" 499
"../../../Engine/Plugins/Runtime/OpenXR/Content/Devices/OculusGo/MI_OculusGo.uasset" 500
"../../../Engine/Plugins/Runtime/OpenXR/Content/Devices/OculusGo/MI_OculusGo.uexp" 501
"../../../Engine/Plugins/Runtime/OpenXR/Content/Devices/OculusGo/OculusGoController.uasset" 502
"../../../Engine/Plugins/Runtime/OpenXR/Content/Devices/OculusGo/OculusGoController.uexp" 503
"../../../Engine/Plugins/Runtime/OpenXR/Content/Devices/OculusTouch/MRTexture.uasset" 504
"../../../Engine/Plugins/Runtime/OpenXR/Content/Devices/OculusTouch/MRTexture.uexp" 505
"../../../Engine/Plugins/Runtime/OpenXR/Content/Devices/OculusTouch/MRTexture.ubulk" 506
"../../../Engine/Plugins/Runtime/OpenXR/Content/Devices/OculusTouch/BaseTexture.uasset" 507
"../../../Engine/Plugins/Runtime/OpenXR/Content/Devices/OculusTouch/BaseTexture.uexp" 508
"../../../Engine/Plugins/Runtime/OpenXR/Content/Devices/OculusTouch/BaseTexture.ubulk" 509
"../../../Engine/Plugins/Runtime/OpenXR/Content/Devices/OculusTouch/MI_OculusTouch.uasset" 510
"../../../Engine/Plugins/Runtime/OpenXR/Content/Devices/OculusTouch/MI_OculusTouch.uexp" 511
"../../../Engine/Plugins/Runtime/OpenXR/Content/Devices/OculusTouch/Left/left_OculusTouchController.uasset" 512
"../../../Engine/Plugins/Runtime/OpenXR/Content/Devices/OculusTouch/Left/left_OculusTouchController.uexp" 513
"../../../Engine/Plugins/Runtime/OpenXR/Content/Devices/OculusTouch/Right/right_OculusTouchController.uasset" 514
"../../../Engine/Plugins/Runtime/OpenXR/Content/Devices/OculusTouch/Right/right_OculusTouchController.uexp" 515
"../../../Engine/Plugins/Runtime/OpenXR/Content/Devices/OculusTouch_v2/MRTexture.uasset" 516
"../../../Engine/Plugins/Runtime/OpenXR/Content/Devices/OculusTouch_v2/MRTexture.uexp" 517
"../../../Engine/Plugins/Runtime/OpenXR/Content/Devices/OculusTouch_v2/MRTexture.ubulk" 518
"../../../Engine/Plugins/Runtime/OpenXR/Content/Devices/OculusTouch_v2/BaseTexture.uasset" 519
"../../../Engine/Plugins/Runtime/OpenXR/Content/Devices/OculusTouch_v2/BaseTexture.uexp" 520
"../../../Engine/Plugins/Runtime/OpenXR/Content/Devices/OculusTouch_v2/BaseTexture.ubulk" 521
"../../../Engine/Plugins/Runtime/OpenXR/Content/Devices/OculusTouch_v2/MI_OculusTouch_v2.uasset" 522
"../../../Engine/Plugins/Runtime/OpenXR/Content/Devices/OculusTouch_v2/MI_OculusTouch_v2.uexp" 523
"../../../Engine/Plugins/Runtime/OpenXR/Content/Devices/OculusTouch_v2/Left/left_OculusTouch_v2Controller.uasset" 524
"../../../Engine/Plugins/Runtime/OpenXR/Content/Devices/OculusTouch_v2/Left/left_OculusTouch_v2Controller.uexp" 525
"../../../Engine/Plugins/Runtime/OpenXR/Content/Devices/OculusTouch_v2/Right/right_OculusTouch_v2Controller.uasset" 526
"../../../Engine/Plugins/Runtime/OpenXR/Content/Devices/OculusTouch_v2/Right/right_OculusTouch_v2Controller.uexp" 527
"../../../Engine/Plugins/Runtime/OpenXR/Content/Devices/OculusTouch_v3/MRTexture.uasset" 528
"../../../Engine/Plugins/Runtime/OpenXR/Content/Devices/OculusTouch_v3/MRTexture.uexp" 529
"../../../Engine/Plugins/Runtime/OpenXR/Content/Devices/OculusTouch_v3/MRTexture.ubulk" 530
"../../../Engine/Plugins/Runtime/OpenXR/Content/Devices/OculusTouch_v3/BaseTexture.uasset" 531
"../../../Engine/Plugins/Runtime/OpenXR/Content/Devices/OculusTouch_v3/BaseTexture.uexp" 532
"../../../Engine/Plugins/Runtime/OpenXR/Content/Devices/OculusTouch_v3/BaseTexture.ubulk" 533
"../../../Engine/Plugins/Runtime/OpenXR/Content/Devices/OculusTouch_v3/MI_OculusTouch_v3.uasset" 534
"../../../Engine/Plugins/Runtime/OpenXR/Content/Devices/OculusTouch_v3/MI_OculusTouch_v3.uexp" 535
"../../../Engine/Plugins/Runtime/OpenXR/Content/Devices/OculusTouch_v3/Left/left_OculusTouch_v3Controller.uasset" 536
"../../../Engine/Plugins/Runtime/OpenXR/Content/Devices/OculusTouch_v3/Left/left_OculusTouch_v3Controller.uexp" 537
"../../../Engine/Plugins/Runtime/OpenXR/Content/Devices/OculusTouch_v3/Right/right_OculusTouch_v3Controller.uasset" 538
"../../../Engine/Plugins/Runtime/OpenXR/Content/Devices/OculusTouch_v3/Right/right_OculusTouch_v3Controller.uexp" 539
"../../../Engine/Plugins/Runtime/OpenXR/Content/Devices/ValveIndex/MRTexture.uasset" 540
"../../../Engine/Plugins/Runtime/OpenXR/Content/Devices/ValveIndex/MRTexture.uexp" 541
"../../../Engine/Plugins/Runtime/OpenXR/Content/Devices/ValveIndex/MRTexture.ubulk" 542
"../../../Engine/Plugins/Runtime/OpenXR/Content/Devices/ValveIndex/BaseTexture.uasset" 543
"../../../Engine/Plugins/Runtime/OpenXR/Content/Devices/ValveIndex/BaseTexture.uexp" 544
"../../../Engine/Plugins/Runtime/OpenXR/Content/Devices/ValveIndex/BaseTexture.ubulk" 545
"../../../Engine/Plugins/Runtime/OpenXR/Content/Devices/ValveIndex/Left/MI_left_ValveIndex.uasset" 546
"../../../Engine/Plugins/Runtime/OpenXR/Content/Devices/ValveIndex/Left/MI_left_ValveIndex.uexp" 547
"../../../Engine/Plugins/Runtime/OpenXR/Content/Devices/ValveIndex/Left/left_ValveIndexController.uasset" 548
"../../../Engine/Plugins/Runtime/OpenXR/Content/Devices/ValveIndex/Left/left_ValveIndexController.uexp" 549
"../../../Engine/Plugins/Runtime/OpenXR/Content/Devices/ValveIndex/Right/MI_right_ValveIndex.uasset" 550
"../../../Engine/Plugins/Runtime/OpenXR/Content/Devices/ValveIndex/Right/MI_right_ValveIndex.uexp" 551
"../../../Engine/Plugins/Runtime/OpenXR/Content/Devices/ValveIndex/Right/right_ValveIndexController.uasset" 552
"../../../Engine/Plugins/Runtime/OpenXR/Content/Devices/ValveIndex/Right/right_ValveIndexController.uexp" 553
"../../../Engine/Content/Functions/Engine_MaterialFunctions02/Utility/MakeFloat3.uasset" 554
"../../../Engine/Content/Functions/Engine_MaterialFunctions02/Utility/MakeFloat3.uexp" 555
"../../../Engine/Content/Functions/Engine_MaterialFunctions02/Utility/BreakOutFloat4Components.uasset" 556
"../../../Engine/Content/Functions/Engine_MaterialFunctions02/Utility/BreakOutFloat4Components.uexp" 557
"../../../Engine/Plugins/Runtime/Oculus/OculusVR/Content/Materials/OculusMR_ChromaKey.uasset" 558
"../../../Engine/Plugins/Runtime/Oculus/OculusVR/Content/Materials/OculusMR_ChromaKey.uexp" 559
"../../../Engine/Plugins/Runtime/Oculus/OculusVR/Content/Materials/OculusMR_OpaqueColoredMaterial.uasset" 560
"../../../Engine/Plugins/Runtime/Oculus/OculusVR/Content/Materials/OculusMR_OpaqueColoredMaterial.uexp" 561
"../../../Engine/Plugins/Runtime/Oculus/OculusVR/Content/Materials/PokeAHoleMaterial.uasset" 562
"../../../Engine/Plugins/Runtime/Oculus/OculusVR/Content/Materials/PokeAHoleMaterial.uexp" 563
"../../../Engine/Plugins/Runtime/Oculus/OculusVR/Content/Textures/touchController_controlmap.uasset" 564
"../../../Engine/Plugins/Runtime/Oculus/OculusVR/Content/Textures/touchController_controlmap.uexp" 565
"../../../Engine/Plugins/Runtime/Oculus/OculusVR/Content/Textures/touchController_controlmap.ubulk" 566
"../../../Engine/Plugins/Runtime/Oculus/OculusVR/Content/Textures/touchController_albedo.uasset" 567
"../../../Engine/Plugins/Runtime/Oculus/OculusVR/Content/Textures/touchController_albedo.uexp" 568
"../../../Engine/Plugins/Runtime/Oculus/OculusVR/Content/Textures/touchController_albedo.ubulk" 569
"../../../Engine/Plugins/Runtime/Oculus/OculusVR/Content/Materials/touchController_mat.uasset" 570
"../../../Engine/Plugins/Runtime/Oculus/OculusVR/Content/Materials/touchController_mat.uexp" 571
"../../../Engine/Plugins/Runtime/Oculus/OculusVR/Content/Meshes/LeftTouchController.uasset" 572
"../../../Engine/Plugins/Runtime/Oculus/OculusVR/Content/Meshes/LeftTouchController.uexp" 573
"../../../Engine/Plugins/Runtime/Oculus/OculusVR/Content/Textures/TouchForQuestRiftSController_albedo.uasset" 574
"../../../Engine/Plugins/Runtime/Oculus/OculusVR/Content/Textures/TouchForQuestRiftSController_albedo.uexp" 575
"../../../Engine/Plugins/Runtime/Oculus/OculusVR/Content/Textures/TouchForQuestRiftSController_albedo.ubulk" 576
"../../../Engine/Plugins/Runtime/Oculus/OculusVR/Content/Materials/TouchForQuestRiftSControllerMaterial.uasset" 577
"../../../Engine/Plugins/Runtime/Oculus/OculusVR/Content/Materials/TouchForQuestRiftSControllerMaterial.uexp" 578
"../../../Engine/Plugins/Runtime/Oculus/OculusVR/Content/Meshes/LeftTouchForQuestRiftSController.uasset" 579
"../../../Engine/Plugins/Runtime/Oculus/OculusVR/Content/Meshes/LeftTouchForQuestRiftSController.uexp" 580
"../../../Engine/Plugins/Runtime/Oculus/OculusVR/Content/Meshes/RiftHMD.uasset" 581
"../../../Engine/Plugins/Runtime/Oculus/OculusVR/Content/Meshes/RiftHMD.uexp" 582
"../../../Engine/Plugins/Runtime/Oculus/OculusVR/Content/Meshes/RightTouchController.uasset" 583
"../../../Engine/Plugins/Runtime/Oculus/OculusVR/Content/Meshes/RightTouchController.uexp" 584
"../../../Engine/Plugins/Runtime/Oculus/OculusVR/Content/Meshes/RightTouchForQuestRiftSController.uasset" 585
"../../../Engine/Plugins/Runtime/Oculus/OculusVR/Content/Meshes/RightTouchForQuestRiftSController.uexp" 586
"../../../Engine/Content/MapTemplates/SM_Template_Map_Floor.uasset" 587
"../../../Engine/Content/MapTemplates/SM_Template_Map_Floor.uexp" 588
"../../../Engine/Content/BasicShapes/Cube.uasset" 589
"../../../Engine/Content/BasicShapes/Cube.uexp" 590
"C:/Users/David/Documents/Unreal Projects/BudgetBackrooms/Content/Fresh_Materials/Office_Ceiling/OfficeCeiling001_4K_Roughness.uasset" 591
"C:/Users/David/Documents/Unreal Projects/BudgetBackrooms/Content/Fresh_Materials/Office_Ceiling/OfficeCeiling001_4K_Roughness.uexp" 592
"C:/Users/David/Documents/Unreal Projects/BudgetBackrooms/Content/Fresh_Materials/Office_Ceiling/OfficeCeiling001_4K_Roughness.ubulk" 593
"C:/Users/David/Documents/Unreal Projects/BudgetBackrooms/Content/Fresh_Materials/Office_Ceiling/OfficeCeiling001_4K_NormalDX.uasset" 594
"C:/Users/David/Documents/Unreal Projects/BudgetBackrooms/Content/Fresh_Materials/Office_Ceiling/OfficeCeiling001_4K_NormalDX.uexp" 595
"C:/Users/David/Documents/Unreal Projects/BudgetBackrooms/Content/Fresh_Materials/Office_Ceiling/OfficeCeiling001_4K_NormalDX.ubulk" 596
"C:/Users/David/Documents/Unreal Projects/BudgetBackrooms/Content/Fresh_Materials/Office_Ceiling/OfficeCeiling001_4K_Metalness.uasset" 597
"C:/Users/David/Documents/Unreal Projects/BudgetBackrooms/Content/Fresh_Materials/Office_Ceiling/OfficeCeiling001_4K_Metalness.uexp" 598
"C:/Users/David/Documents/Unreal Projects/BudgetBackrooms/Content/Fresh_Materials/Office_Ceiling/OfficeCeiling001_4K_Metalness.ubulk" 599
"C:/Users/David/Documents/Unreal Projects/BudgetBackrooms/Content/Fresh_Materials/Office_Ceiling/OfficeCeiling001_4K_Emission.uasset" 600
"C:/Users/David/Documents/Unreal Projects/BudgetBackrooms/Content/Fresh_Materials/Office_Ceiling/OfficeCeiling001_4K_Emission.uexp" 601
"C:/Users/David/Documents/Unreal Projects/BudgetBackrooms/Content/Fresh_Materials/Office_Ceiling/OfficeCeiling001_4K_Emission.ubulk" 602
"C:/Users/David/Documents/Unreal Projects/BudgetBackrooms/Content/Fresh_Materials/Office_Ceiling/OfficeCeiling001_4K_Displacement.uasset" 603
"C:/Users/David/Documents/Unreal Projects/BudgetBackrooms/Content/Fresh_Materials/Office_Ceiling/OfficeCeiling001_4K_Displacement.uexp" 604
"C:/Users/David/Documents/Unreal Projects/BudgetBackrooms/Content/Fresh_Materials/Office_Ceiling/OfficeCeiling001_4K_Displacement.ubulk" 605
"C:/Users/David/Documents/Unreal Projects/BudgetBackrooms/Content/Fresh_Materials/Office_Ceiling/OfficeCeiling001_4K_Color.uasset" 606
"C:/Users/David/Documents/Unreal Projects/BudgetBackrooms/Content/Fresh_Materials/Office_Ceiling/OfficeCeiling001_4K_Color.uexp" 607
"C:/Users/David/Documents/Unreal Projects/BudgetBackrooms/Content/Fresh_Materials/Office_Ceiling/OfficeCeiling001_4K_Color.ubulk" 608
"C:/Users/David/Documents/Unreal Projects/BudgetBackrooms/Content/Fresh_Materials/Office_Ceiling/OfficeCeiling001_4K_AmbientOcclusion.uasset" 609
"C:/Users/David/Documents/Unreal Projects/BudgetBackrooms/Content/Fresh_Materials/Office_Ceiling/OfficeCeiling001_4K_AmbientOcclusion.uexp" 610
"C:/Users/David/Documents/Unreal Projects/BudgetBackrooms/Content/Fresh_Materials/Office_Ceiling/OfficeCeiling001_4K_AmbientOcclusion.ubulk" 611
"C:/Users/David/Documents/Unreal Projects/BudgetBackrooms/Content/Fresh_Materials/Office_Ceiling/Office_Ceiling.uasset" 612
"C:/Users/David/Documents/Unreal Projects/BudgetBackrooms/Content/Fresh_Materials/Office_Ceiling/Office_Ceiling.uexp" 613
"C:/Users/David/Documents/Unreal Projects/BudgetBackrooms/Content/Fresh_Materials/Emissive/Emissive.uasset" 614
"C:/Users/David/Documents/Unreal Projects/BudgetBackrooms/Content/Fresh_Materials/Emissive/Emissive.uexp" 615
"C:/Users/David/Documents/Unreal Projects/BudgetBackrooms/Content/Fresh_Materials/Emissive/Emissive_Inst.uasset" 616
"C:/Users/David/Documents/Unreal Projects/BudgetBackrooms/Content/Fresh_Materials/Emissive/Emissive_Inst.uexp" 617
"../../../Engine/Content/BasicShapes/Plane.uasset" 618
"../../../Engine/Content/BasicShapes/Plane.uexp" 619
"C:/Users/David/Documents/Unreal Projects/BudgetBackrooms/Content/Actors/Lights.uasset" 620
"C:/Users/David/Documents/Unreal Projects/BudgetBackrooms/Content/Actors/Lights.uexp" 621
"C:/Users/David/Documents/Unreal Projects/BudgetBackrooms/Content/floor_noclipped.uasset" 622
"C:/Users/David/Documents/Unreal Projects/BudgetBackrooms/Content/floor_noclipped.uexp" 623
"C:/Users/David/Documents/Unreal Projects/BudgetBackrooms/Content/Fresh_Materials/LQ_PaperWalls/test3_roughness.uasset" 624
"C:/Users/David/Documents/Unreal Projects/BudgetBackrooms/Content/Fresh_Materials/LQ_PaperWalls/test3_roughness.uexp" 625
"C:/Users/David/Documents/Unreal Projects/BudgetBackrooms/Content/Fresh_Materials/LQ_PaperWalls/test3_roughness.ubulk" 626
"C:/Users/David/Documents/Unreal Projects/BudgetBackrooms/Content/Fresh_Materials/LQ_PaperWalls/test3_normal.uasset" 627
"C:/Users/David/Documents/Unreal Projects/BudgetBackrooms/Content/Fresh_Materials/LQ_PaperWalls/test3_normal.uexp" 628
"C:/Users/David/Documents/Unreal Projects/BudgetBackrooms/Content/Fresh_Materials/LQ_PaperWalls/test3_normal.ubulk" 629
"C:/Users/David/Documents/Unreal Projects/BudgetBackrooms/Content/Fresh_Materials/LQ_PaperWalls/test3_basecolor.uasset" 630
"C:/Users/David/Documents/Unreal Projects/BudgetBackrooms/Content/Fresh_Materials/LQ_PaperWalls/test3_basecolor.uexp" 631
"C:/Users/David/Documents/Unreal Projects/BudgetBackrooms/Content/Fresh_Materials/LQ_PaperWalls/test3_basecolor.ubulk" 632
"C:/Users/David/Documents/Unreal Projects/BudgetBackrooms/Content/Fresh_Materials/LQ_PaperWalls/1k_paperwalls.uasset" 633
"C:/Users/David/Documents/Unreal Projects/BudgetBackrooms/Content/Fresh_Materials/LQ_PaperWalls/1k_paperwalls.uexp" 634
"C:/Users/David/Documents/Unreal Projects/BudgetBackrooms/Content/Fresh_Materials/Substance/Fabric2/Fabric_INST_roughness.uasset" 635
"C:/Users/David/Documents/Unreal Projects/BudgetBackrooms/Content/Fresh_Materials/Substance/Fabric2/Fabric_INST_roughness.uexp" 636
"C:/Users/David/Documents/Unreal Projects/BudgetBackrooms/Content/Fresh_Materials/Substance/Fabric2/Fabric_INST_roughness.ubulk" 637
"C:/Users/David/Documents/Unreal Projects/BudgetBackrooms/Content/Fresh_Materials/Substance/Fabric2/Fabric_INST_normal.uasset" 638
"C:/Users/David/Documents/Unreal Projects/BudgetBackrooms/Content/Fresh_Materials/Substance/Fabric2/Fabric_INST_normal.uexp" 639
"C:/Users/David/Documents/Unreal Projects/BudgetBackrooms/Content/Fresh_Materials/Substance/Fabric2/Fabric_INST_normal.ubulk" 640
"C:/Users/David/Documents/Unreal Projects/BudgetBackrooms/Content/Fresh_Materials/Substance/Fabric2/Fabric_INST_basecolor.uasset" 641
"C:/Users/David/Documents/Unreal Projects/BudgetBackrooms/Content/Fresh_Materials/Substance/Fabric2/Fabric_INST_basecolor.uexp" 642
"C:/Users/David/Documents/Unreal Projects/BudgetBackrooms/Content/Fresh_Materials/Substance/Fabric2/Fabric_INST_basecolor.ubulk" 643
"C:/Users/David/Documents/Unreal Projects/BudgetBackrooms/Content/Fresh_Materials/Substance/Fabric2/Fabric_INST_ambientocclusion.uasset" 644
"C:/Users/David/Documents/Unreal Projects/BudgetBackrooms/Content/Fresh_Materials/Substance/Fabric2/Fabric_INST_ambientocclusion.uexp" 645
"C:/Users/David/Documents/Unreal Projects/BudgetBackrooms/Content/Fresh_Materials/Substance/Fabric2/Fabric_INST_ambientocclusion.ubulk" 646
"C:/Users/David/Documents/Unreal Projects/BudgetBackrooms/Content/Fresh_Materials/Substance/Fabric2/Fbrik2.uasset" 647
"C:/Users/David/Documents/Unreal Projects/BudgetBackrooms/Content/Fresh_Materials/Substance/Fabric2/Fbrik2.uexp" 648
"C:/Users/David/Documents/Unreal Projects/BudgetBackrooms/Content/Harti/M_Intro.uexp" 649
"C:/Users/David/Documents/Unreal Projects/BudgetBackrooms/Content/Harti/M_Intro.umap" 650
"C:/Users/David/Documents/Unreal Projects/BudgetBackrooms/Content/Harti/M_BRooms/M_BRooms_Wall.uasset" 651
"C:/Users/David/Documents/Unreal Projects/BudgetBackrooms/Content/Harti/M_BRooms/M_BRooms_Wall.uexp" 652
"C:/Users/David/Documents/Unreal Projects/BudgetBackrooms/Content/Harti/M_BRooms/M_BRooms_Floor.uasset" 653
"C:/Users/David/Documents/Unreal Projects/BudgetBackrooms/Content/Harti/M_BRooms/M_BRooms_Floor.uexp" 654
"C:/Users/David/Documents/Unreal Projects/BudgetBackrooms/Content/HB_MainMenu.uasset" 655
"C:/Users/David/Documents/Unreal Projects/BudgetBackrooms/Content/HB_MainMenu.uexp" 656
"C:/Users/David/Documents/Unreal Projects/BudgetBackrooms/Content/P_MenCam.uasset" 657
"C:/Users/David/Documents/Unreal Projects/BudgetBackrooms/Content/P_MenCam.uexp" 658
"C:/Users/David/Documents/Unreal Projects/BudgetBackrooms/Content/Harti/GM_MainMenu.uasset" 659
"C:/Users/David/Documents/Unreal Projects/BudgetBackrooms/Content/Harti/GM_MainMenu.uexp" 660
"C:/Users/David/Documents/Unreal Projects/BudgetBackrooms/Content/Harti/M_MainMenu.uexp" 661
"C:/Users/David/Documents/Unreal Projects/BudgetBackrooms/Content/Harti/M_MainMenu.umap" 662
"C:/Users/David/Documents/Unreal Projects/BudgetBackrooms/Content/Megascans/Surfaces/Brown_Ceramic_Tiles_ui5kcglg/Roughness_4K_ui5kcglg.uasset" 663
"C:/Users/David/Documents/Unreal Projects/BudgetBackrooms/Content/Megascans/Surfaces/Brown_Ceramic_Tiles_ui5kcglg/Roughness_4K_ui5kcglg.uexp" 664
"C:/Users/David/Documents/Unreal Projects/BudgetBackrooms/Content/Megascans/Surfaces/Brown_Ceramic_Tiles_ui5kcglg/Roughness_4K_ui5kcglg.ubulk" 665
"C:/Users/David/Documents/Unreal Projects/BudgetBackrooms/Content/Megascans/Surfaces/Brown_Ceramic_Tiles_ui5kcglg/Normal_4K_ui5kcglg.uasset" 666
"C:/Users/David/Documents/Unreal Projects/BudgetBackrooms/Content/Megascans/Surfaces/Brown_Ceramic_Tiles_ui5kcglg/Normal_4K_ui5kcglg.uexp" 667
"C:/Users/David/Documents/Unreal Projects/BudgetBackrooms/Content/Megascans/Surfaces/Brown_Ceramic_Tiles_ui5kcglg/Normal_4K_ui5kcglg.ubulk" 668
"C:/Users/David/Documents/Unreal Projects/BudgetBackrooms/Content/Megascans/Surfaces/Brown_Ceramic_Tiles_ui5kcglg/Displacement_4K_ui5kcglg.uasset" 669
"C:/Users/David/Documents/Unreal Projects/BudgetBackrooms/Content/Megascans/Surfaces/Brown_Ceramic_Tiles_ui5kcglg/Displacement_4K_ui5kcglg.uexp" 670
"C:/Users/David/Documents/Unreal Projects/BudgetBackrooms/Content/Megascans/Surfaces/Brown_Ceramic_Tiles_ui5kcglg/Displacement_4K_ui5kcglg.ubulk" 671
"C:/Users/David/Documents/Unreal Projects/BudgetBackrooms/Content/Megascans/Surfaces/Brown_Ceramic_Tiles_ui5kcglg/AO_4K_ui5kcglg.uasset" 672
"C:/Users/David/Documents/Unreal Projects/BudgetBackrooms/Content/Megascans/Surfaces/Brown_Ceramic_Tiles_ui5kcglg/AO_4K_ui5kcglg.uexp" 673
"C:/Users/David/Documents/Unreal Projects/BudgetBackrooms/Content/Megascans/Surfaces/Brown_Ceramic_Tiles_ui5kcglg/AO_4K_ui5kcglg.ubulk" 674
"C:/Users/David/Documents/Unreal Projects/BudgetBackrooms/Content/Megascans/Surfaces/Brown_Ceramic_Tiles_ui5kcglg/Albedo_4K_ui5kcglg.uasset" 675
"C:/Users/David/Documents/Unreal Projects/BudgetBackrooms/Content/Megascans/Surfaces/Brown_Ceramic_Tiles_ui5kcglg/Albedo_4K_ui5kcglg.uexp" 676
"C:/Users/David/Documents/Unreal Projects/BudgetBackrooms/Content/Megascans/Surfaces/Brown_Ceramic_Tiles_ui5kcglg/Albedo_4K_ui5kcglg.ubulk" 677
"C:/Users/David/Documents/Unreal Projects/BudgetBackrooms/Content/Megascans/Surfaces/Brown_Ceramic_Tiles_ui5kcglg/Brown_Ceramic_Tiles.uasset" 678
"C:/Users/David/Documents/Unreal Projects/BudgetBackrooms/Content/Megascans/Surfaces/Brown_Ceramic_Tiles_ui5kcglg/Brown_Ceramic_Tiles.uexp" 679
"C:/Users/David/Documents/Unreal Projects/BudgetBackrooms/Content/Widgets/W_Flashlight/twotone_flashlight_on_white_48dp.uasset" 680
"C:/Users/David/Documents/Unreal Projects/BudgetBackrooms/Content/Widgets/W_Flashlight/twotone_flashlight_on_white_48dp.uexp" 681
"C:/Users/David/Documents/Unreal Projects/BudgetBackrooms/Content/Fonts/Rubik-Medium.uasset" 682
"C:/Users/David/Documents/Unreal Projects/BudgetBackrooms/Content/Fonts/Rubik-Medium.uexp" 683
"C:/Users/David/Documents/Unreal Projects/BudgetBackrooms/Content/Fonts/Rubik-Medium.ufont" 684
"C:/Users/David/Documents/Unreal Projects/BudgetBackrooms/Content/Fonts/Rubik-Medium_Font.uasset" 685
"C:/Users/David/Documents/Unreal Projects/BudgetBackrooms/Content/Fonts/Rubik-Medium_Font.uexp" 686
"C:/Users/David/Documents/Unreal Projects/BudgetBackrooms/Content/Widgets/W_Flashlight/W_FlashLight.uasset" 687
"C:/Users/David/Documents/Unreal Projects/BudgetBackrooms/Content/Widgets/W_Flashlight/W_FlashLight.uexp" 688
"C:/Users/David/Documents/Unreal Projects/BudgetBackrooms/Content/Megascans/Surfaces/White_Ceramic_Tiles_uhrjcdaew/Roughness_4K_uhrjcdaew.uasset" 689
"C:/Users/David/Documents/Unreal Projects/BudgetBackrooms/Content/Megascans/Surfaces/White_Ceramic_Tiles_uhrjcdaew/Roughness_4K_uhrjcdaew.uexp" 690
"C:/Users/David/Documents/Unreal Projects/BudgetBackrooms/Content/Megascans/Surfaces/White_Ceramic_Tiles_uhrjcdaew/Roughness_4K_uhrjcdaew.ubulk" 691
"C:/Users/David/Documents/Unreal Projects/BudgetBackrooms/Content/Megascans/Surfaces/White_Ceramic_Tiles_uhrjcdaew/Normal_4K_uhrjcdaew.uasset" 692
"C:/Users/David/Documents/Unreal Projects/BudgetBackrooms/Content/Megascans/Surfaces/White_Ceramic_Tiles_uhrjcdaew/Normal_4K_uhrjcdaew.uexp" 693
"C:/Users/David/Documents/Unreal Projects/BudgetBackrooms/Content/Megascans/Surfaces/White_Ceramic_Tiles_uhrjcdaew/Normal_4K_uhrjcdaew.ubulk" 694
"C:/Users/David/Documents/Unreal Projects/BudgetBackrooms/Content/Megascans/Surfaces/White_Ceramic_Tiles_uhrjcdaew/Displacement_4K_uhrjcdaew.uasset" 695
"C:/Users/David/Documents/Unreal Projects/BudgetBackrooms/Content/Megascans/Surfaces/White_Ceramic_Tiles_uhrjcdaew/Displacement_4K_uhrjcdaew.uexp" 696
"C:/Users/David/Documents/Unreal Projects/BudgetBackrooms/Content/Megascans/Surfaces/White_Ceramic_Tiles_uhrjcdaew/Displacement_4K_uhrjcdaew.ubulk" 697
"C:/Users/David/Documents/Unreal Projects/BudgetBackrooms/Content/Megascans/Surfaces/White_Ceramic_Tiles_uhrjcdaew/AO_4K_uhrjcdaew.uasset" 698
"C:/Users/David/Documents/Unreal Projects/BudgetBackrooms/Content/Megascans/Surfaces/White_Ceramic_Tiles_uhrjcdaew/AO_4K_uhrjcdaew.uexp" 699
"C:/Users/David/Documents/Unreal Projects/BudgetBackrooms/Content/Megascans/Surfaces/White_Ceramic_Tiles_uhrjcdaew/AO_4K_uhrjcdaew.ubulk" 700
"C:/Users/David/Documents/Unreal Projects/BudgetBackrooms/Content/Megascans/Surfaces/White_Ceramic_Tiles_uhrjcdaew/Albedo_4K_uhrjcdaew.uasset" 701
"C:/Users/David/Documents/Unreal Projects/BudgetBackrooms/Content/Megascans/Surfaces/White_Ceramic_Tiles_uhrjcdaew/Albedo_4K_uhrjcdaew.uexp" 702
"C:/Users/David/Documents/Unreal Projects/BudgetBackrooms/Content/Megascans/Surfaces/White_Ceramic_Tiles_uhrjcdaew/Albedo_4K_uhrjcdaew.ubulk" 703
"C:/Users/David/Documents/Unreal Projects/BudgetBackrooms/Content/Megascans/Surfaces/White_Ceramic_Tiles_uhrjcdaew/White_Ceramic_tiles.uasset" 704
"C:/Users/David/Documents/Unreal Projects/BudgetBackrooms/Content/Megascans/Surfaces/White_Ceramic_Tiles_uhrjcdaew/White_Ceramic_tiles.uexp" 705
"C:/Users/David/Documents/Unreal Projects/BudgetBackrooms/Content/Harti/M_Level_Null/M_LV_N_Wall.uasset" 706
"C:/Users/David/Documents/Unreal Projects/BudgetBackrooms/Content/Harti/M_Level_Null/M_LV_N_Wall.uexp" 707
"C:/Users/David/Documents/Unreal Projects/BudgetBackrooms/Content/Harti/M_Level_Null/M_LV_N_Floor.uasset" 708
"C:/Users/David/Documents/Unreal Projects/BudgetBackrooms/Content/Harti/M_Level_Null/M_LV_N_Floor.uexp" 709
"C:/Users/David/Documents/Unreal Projects/BudgetBackrooms/Content/Fresh_Materials/Fabric/Fabric025_4K_Roughness.uasset" 710
"C:/Users/David/Documents/Unreal Projects/BudgetBackrooms/Content/Fresh_Materials/Fabric/Fabric025_4K_Roughness.uexp" 711
"C:/Users/David/Documents/Unreal Projects/BudgetBackrooms/Content/Fresh_Materials/Fabric/Fabric025_4K_Roughness.ubulk" 712
"C:/Users/David/Documents/Unreal Projects/BudgetBackrooms/Content/Fresh_Materials/Fabric/Fabric025_4K_NormalDX.uasset" 713
"C:/Users/David/Documents/Unreal Projects/BudgetBackrooms/Content/Fresh_Materials/Fabric/Fabric025_4K_NormalDX.uexp" 714
"C:/Users/David/Documents/Unreal Projects/BudgetBackrooms/Content/Fresh_Materials/Fabric/Fabric025_4K_NormalDX.ubulk" 715
"C:/Users/David/Documents/Unreal Projects/BudgetBackrooms/Content/Fresh_Materials/Fabric/Fabric025_4K_Displacement.uasset" 716
"C:/Users/David/Documents/Unreal Projects/BudgetBackrooms/Content/Fresh_Materials/Fabric/Fabric025_4K_Displacement.uexp" 717
"C:/Users/David/Documents/Unreal Projects/BudgetBackrooms/Content/Fresh_Materials/Fabric/Fabric025_4K_Displacement.ubulk" 718
"C:/Users/David/Documents/Unreal Projects/BudgetBackrooms/Content/Fresh_Materials/Fabric/Fabric025_4K_Color.uasset" 719
"C:/Users/David/Documents/Unreal Projects/BudgetBackrooms/Content/Fresh_Materials/Fabric/Fabric025_4K_Color.uexp" 720
"C:/Users/David/Documents/Unreal Projects/BudgetBackrooms/Content/Fresh_Materials/Fabric/Fabric025_4K_Color.ubulk" 721
"C:/Users/David/Documents/Unreal Projects/BudgetBackrooms/Content/Fresh_Materials/Fabric/2.uasset" 722
"C:/Users/David/Documents/Unreal Projects/BudgetBackrooms/Content/Fresh_Materials/Fabric/2.uexp" 723
"C:/Users/David/Documents/Unreal Projects/BudgetBackrooms/Content/Harti/M_Level_Null/M_Level_Null.uexp" 724
"C:/Users/David/Documents/Unreal Projects/BudgetBackrooms/Content/Harti/M_Level_Null/M_Level_Null.umap" 725
"C:/Users/David/Documents/Unreal Projects/BudgetBackrooms/Content/Widgets/FadeOutSpawn.uasset" 726
"C:/Users/David/Documents/Unreal Projects/BudgetBackrooms/Content/Widgets/FadeOutSpawn.uexp" 727
"C:/Users/David/Documents/Unreal Projects/BudgetBackrooms/Content/StarterContent/Materials/M_Basic_Wall.uasset" 728
"C:/Users/David/Documents/Unreal Projects/BudgetBackrooms/Content/StarterContent/Materials/M_Basic_Wall.uexp" 729
"C:/Users/David/Documents/Unreal Projects/BudgetBackrooms/Content/StarterContent/Architecture/Wall_Door_400x400.uasset" 730
"C:/Users/David/Documents/Unreal Projects/BudgetBackrooms/Content/StarterContent/Architecture/Wall_Door_400x400.uexp" 731
"C:/Users/David/Documents/Unreal Projects/BudgetBackrooms/Content/Widgets/W_FinishMap_Alpha/twotone_refresh_white_48dp.uasset" 732
"C:/Users/David/Documents/Unreal Projects/BudgetBackrooms/Content/Widgets/W_FinishMap_Alpha/twotone_refresh_white_48dp.uexp" 733
"C:/Users/David/Documents/Unreal Projects/BudgetBackrooms/Content/Widgets/W_FinishMap_Alpha/twotone_handyman_white_48dp.uasset" 734
"C:/Users/David/Documents/Unreal Projects/BudgetBackrooms/Content/Widgets/W_FinishMap_Alpha/twotone_handyman_white_48dp.uexp" 735
"C:/Users/David/Documents/Unreal Projects/BudgetBackrooms/Content/Widgets/W_ExtWarn2/W_GH_ExternalWarn2.uasset" 736
"C:/Users/David/Documents/Unreal Projects/BudgetBackrooms/Content/Widgets/W_ExtWarn2/W_GH_ExternalWarn2.uexp" 737
"C:/Users/David/Documents/Unreal Projects/BudgetBackrooms/Content/Widgets/W_FinishMap_Alpha/W_FinishMap_Alpha.uasset" 738
"C:/Users/David/Documents/Unreal Projects/BudgetBackrooms/Content/Widgets/W_FinishMap_Alpha/W_FinishMap_Alpha.uexp" 739
"C:/Users/David/Documents/Unreal Projects/BudgetBackrooms/Content/Megascans/Atlases/Graffiti_Tag_vkzichyl/Opacity_2K_vkzichyl.uasset" 740
"C:/Users/David/Documents/Unreal Projects/BudgetBackrooms/Content/Megascans/Atlases/Graffiti_Tag_vkzichyl/Opacity_2K_vkzichyl.uexp" 741
"../../../Engine/Content/EngineVolumetrics/Fogsheet/Materials/T_EV_BlankWhite_01.uasset" 742
"../../../Engine/Content/EngineVolumetrics/Fogsheet/Materials/T_EV_BlankWhite_01.uexp" 743
"../../../Engine/Content/EngineMaterials/DefaultWhiteGrid.uasset" 744
"../../../Engine/Content/EngineMaterials/DefaultWhiteGrid.uexp" 745
"../../../Engine/Content/EngineMaterials/DefaultWhiteGrid.ubulk" 746
"../../../Engine/Content/EngineMaterials/BlendFunc_DefBlend.uasset" 747
"../../../Engine/Content/EngineMaterials/BlendFunc_DefBlend.uexp" 748
"../../../Engine/Content/EngineMaterials/BlendFunc_DefBase.uasset" 749
"../../../Engine/Content/EngineMaterials/BlendFunc_DefBase.uexp" 750
"../../../Engine/Content/Functions/Engine_MaterialFunctions03/Blends/Blend_Overlay.uasset" 751
"../../../Engine/Content/Functions/Engine_MaterialFunctions03/Blends/Blend_Overlay.uexp" 752
"../../../Engine/Content/Functions/Engine_MaterialFunctions02/Math/InverseTransformMatrix.uasset" 753
"../../../Engine/Content/Functions/Engine_MaterialFunctions02/Math/InverseTransformMatrix.uexp" 754
"../../../Engine/Content/Functions/Engine_MaterialFunctions02/Math/CreateThirdOrthogonalVector.uasset" 755
"../../../Engine/Content/Functions/Engine_MaterialFunctions02/Math/CreateThirdOrthogonalVector.uexp" 756
"../../../Engine/Content/Functions/Engine_MaterialFunctions02/Math/TransformToZVector.uasset" 757
"../../../Engine/Content/Functions/Engine_MaterialFunctions02/Math/TransformToZVector.uexp" 758
"../../../Engine/Content/Functions/Engine_MaterialFunctions01/Texturing/ParallaxOcclusionMapping.uasset" 759
"../../../Engine/Content/Functions/Engine_MaterialFunctions01/Texturing/ParallaxOcclusionMapping.uexp" 760
"../../../Engine/Content/Functions/Engine_MaterialFunctions01/Texturing/FlattenNormal.uasset" 761
"../../../Engine/Content/Functions/Engine_MaterialFunctions01/Texturing/FlattenNormal.uexp" 762
"../../../Engine/Content/EngineMaterials/DefaultNormal.uasset" 763
"../../../Engine/Content/EngineMaterials/DefaultNormal.uexp" 764
"../../../Engine/Content/EngineMaterials/DefaultNormal.ubulk" 765
"C:/Users/David/Documents/Unreal Projects/BudgetBackrooms/Content/MSPresets/Decal_MasterMaterial/Decal_MasterMaterial.uasset" 766
"C:/Users/David/Documents/Unreal Projects/BudgetBackrooms/Content/MSPresets/Decal_MasterMaterial/Decal_MasterMaterial.uexp" 767
"C:/Users/David/Documents/Unreal Projects/BudgetBackrooms/Content/Megascans/Atlases/Graffiti_Tag_vkzichyl/Albedo_2K_vkzichyl.uasset" 768
"C:/Users/David/Documents/Unreal Projects/BudgetBackrooms/Content/Megascans/Atlases/Graffiti_Tag_vkzichyl/Albedo_2K_vkzichyl.uexp" 769
"C:/Users/David/Documents/Unreal Projects/BudgetBackrooms/Content/Megascans/Atlases/Graffiti_Tag_vkzichyl/Albedo_2K_vkzichyl.ubulk" 770
"C:/Users/David/Documents/Unreal Projects/BudgetBackrooms/Content/Megascans/Atlases/Graffiti_Tag_vkzichyl/Graffiti_Tag_vkzichyl_inst.uasset" 771
"C:/Users/David/Documents/Unreal Projects/BudgetBackrooms/Content/Megascans/Atlases/Graffiti_Tag_vkzichyl/Graffiti_Tag_vkzichyl_inst.uexp" 772
"../../../Engine/Plugins/2D/Paper2D/Content/PlaceholderTextures/FlatNormalMap.uasset" 773
"../../../Engine/Plugins/2D/Paper2D/Content/PlaceholderTextures/FlatNormalMap.uexp" 774
"C:/Users/David/Documents/Unreal Projects/BudgetBackrooms/Content/MSPresets/MS_DefaultMaterial/MS_DefaultMaterial.uasset" 775
"C:/Users/David/Documents/Unreal Projects/BudgetBackrooms/Content/MSPresets/MS_DefaultMaterial/MS_DefaultMaterial.uexp" 776
"C:/Users/David/Documents/Unreal Projects/BudgetBackrooms/Content/Megascans/3D_Assets/Fluorescent_Ceiling_Lamp_vgyidebaw/Roughness_4K_vgyidebaw.uasset" 777
"C:/Users/David/Documents/Unreal Projects/BudgetBackrooms/Content/Megascans/3D_Assets/Fluorescent_Ceiling_Lamp_vgyidebaw/Roughness_4K_vgyidebaw.uexp" 778
"C:/Users/David/Documents/Unreal Projects/BudgetBackrooms/Content/Megascans/3D_Assets/Fluorescent_Ceiling_Lamp_vgyidebaw/Roughness_4K_vgyidebaw.ubulk" 779
"C:/Users/David/Documents/Unreal Projects/BudgetBackrooms/Content/Megascans/3D_Assets/Fluorescent_Ceiling_Lamp_vgyidebaw/Normal_4K_LOD0_vgyidebaw.uasset" 780
"C:/Users/David/Documents/Unreal Projects/BudgetBackrooms/Content/Megascans/3D_Assets/Fluorescent_Ceiling_Lamp_vgyidebaw/Normal_4K_LOD0_vgyidebaw.uexp" 781
"C:/Users/David/Documents/Unreal Projects/BudgetBackrooms/Content/Megascans/3D_Assets/Fluorescent_Ceiling_Lamp_vgyidebaw/Normal_4K_LOD0_vgyidebaw.ubulk" 782
"C:/Users/David/Documents/Unreal Projects/BudgetBackrooms/Content/Megascans/3D_Assets/Fluorescent_Ceiling_Lamp_vgyidebaw/Albedo_4K_vgyidebaw.uasset" 783
"C:/Users/David/Documents/Unreal Projects/BudgetBackrooms/Content/Megascans/3D_Assets/Fluorescent_Ceiling_Lamp_vgyidebaw/Albedo_4K_vgyidebaw.uexp" 784
"C:/Users/David/Documents/Unreal Projects/BudgetBackrooms/Content/Megascans/3D_Assets/Fluorescent_Ceiling_Lamp_vgyidebaw/Albedo_4K_vgyidebaw.ubulk" 785
"C:/Users/David/Documents/Unreal Projects/BudgetBackrooms/Content/Megascans/3D_Assets/Fluorescent_Ceiling_Lamp_vgyidebaw/Fluorescent_Ceiling_Lamp_vgyidebaw_inst.uasset" 786
"C:/Users/David/Documents/Unreal Projects/BudgetBackrooms/Content/Megascans/3D_Assets/Fluorescent_Ceiling_Lamp_vgyidebaw/Fluorescent_Ceiling_Lamp_vgyidebaw_inst.uexp" 787
"C:/Users/David/Documents/Unreal Projects/BudgetBackrooms/Content/Fresh_Materials/Emissive/Emissive_Inst_3.uasset" 788
"C:/Users/David/Documents/Unreal Projects/BudgetBackrooms/Content/Fresh_Materials/Emissive/Emissive_Inst_3.uexp" 789
"C:/Users/David/Documents/Unreal Projects/BudgetBackrooms/Content/Actors/RedLight.uasset" 790
"C:/Users/David/Documents/Unreal Projects/BudgetBackrooms/Content/Actors/RedLight.uexp" 791
"C:/Users/David/Documents/Unreal Projects/BudgetBackrooms/Content/Fresh_Materials/Paper_Walls/test_3.uasset" 792
"C:/Users/David/Documents/Unreal Projects/BudgetBackrooms/Content/Fresh_Materials/Paper_Walls/test_3.uexp" 793
"C:/Users/David/Documents/Unreal Projects/BudgetBackrooms/Content/Fresh_Materials/Paper_Walls/test_3.ubulk" 794
"C:/Users/David/Documents/Unreal Projects/BudgetBackrooms/Content/Fresh_Materials/Paper_Walls/test3_roughness.uasset" 795
"C:/Users/David/Documents/Unreal Projects/BudgetBackrooms/Content/Fresh_Materials/Paper_Walls/test3_roughness.uexp" 796
"C:/Users/David/Documents/Unreal Projects/BudgetBackrooms/Content/Fresh_Materials/Paper_Walls/test3_roughness.ubulk" 797
"C:/Users/David/Documents/Unreal Projects/BudgetBackrooms/Content/Fresh_Materials/Paper_Walls/test_3_Mat_2.uasset" 798
"C:/Users/David/Documents/Unreal Projects/BudgetBackrooms/Content/Fresh_Materials/Paper_Walls/test_3_Mat_2.uexp" 799
"C:/Users/David/Documents/Unreal Projects/BudgetBackrooms/Content/Pillar_SM.uasset" 800
"C:/Users/David/Documents/Unreal Projects/BudgetBackrooms/Content/Pillar_SM.uexp" 801
"C:/Users/David/Documents/Unreal Projects/BudgetBackrooms/Content/Actors/Pillar_BP.uasset" 802
"C:/Users/David/Documents/Unreal Projects/BudgetBackrooms/Content/Actors/Pillar_BP.uexp" 803
"C:/Users/David/Documents/Unreal Projects/BudgetBackrooms/Content/AI_Stuff/model/Anim/Howler_BackRooms_PhysicsAsset.uasset" 804
"C:/Users/David/Documents/Unreal Projects/BudgetBackrooms/Content/AI_Stuff/model/Anim/Howler_BackRooms_PhysicsAsset.uexp" 805
"C:/Users/David/Documents/Unreal Projects/BudgetBackrooms/Content/AI_Stuff/model/Anim/Howler_BackRooms_Skeleton2.uasset" 806
"C:/Users/David/Documents/Unreal Projects/BudgetBackrooms/Content/AI_Stuff/model/Anim/Howler_BackRooms_Skeleton2.uexp" 807
"C:/Users/David/Documents/Unreal Projects/BudgetBackrooms/Content/AI_Stuff/model/textures/154890481-normal-map-of-tree-bark-texture-.uasset" 808
"C:/Users/David/Documents/Unreal Projects/BudgetBackrooms/Content/AI_Stuff/model/textures/154890481-normal-map-of-tree-bark-texture-.uexp" 809
"C:/Users/David/Documents/Unreal Projects/BudgetBackrooms/Content/AI_Stuff/model/Anim/Material_002.uasset" 810
"C:/Users/David/Documents/Unreal Projects/BudgetBackrooms/Content/AI_Stuff/model/Anim/Material_002.uexp" 811
"C:/Users/David/Documents/Unreal Projects/BudgetBackrooms/Content/AI_Stuff/model/Anim/Material_001.uasset" 812
"C:/Users/David/Documents/Unreal Projects/BudgetBackrooms/Content/AI_Stuff/model/Anim/Material_001.uexp" 813
"C:/Users/David/Documents/Unreal Projects/BudgetBackrooms/Content/AI_Stuff/model/Anim/Material_003.uasset" 814
"C:/Users/David/Documents/Unreal Projects/BudgetBackrooms/Content/AI_Stuff/model/Anim/Material_003.uexp" 815
"C:/Users/David/Documents/Unreal Projects/BudgetBackrooms/Content/AI_Stuff/model/Anim/Howler_BackRooms.uasset" 816
"C:/Users/David/Documents/Unreal Projects/BudgetBackrooms/Content/AI_Stuff/model/Anim/Howler_BackRooms.uexp" 817
"C:/Users/David/Documents/Unreal Projects/BudgetBackrooms/Content/AI_Stuff/BB_AI.uasset" 818
"C:/Users/David/Documents/Unreal Projects/BudgetBackrooms/Content/AI_Stuff/BB_AI.uexp" 819
"C:/Users/David/Documents/Unreal Projects/BudgetBackrooms/Content/AI_Stuff/ChasePlayer.uasset" 820
"C:/Users/David/Documents/Unreal Projects/BudgetBackrooms/Content/AI_Stuff/ChasePlayer.uexp" 821
"C:/Users/David/Documents/Unreal Projects/BudgetBackrooms/Content/AI_Stuff/FindPlayerLocation.uasset" 822
"C:/Users/David/Documents/Unreal Projects/BudgetBackrooms/Content/AI_Stuff/FindPlayerLocation.uexp" 823
"C:/Users/David/Documents/Unreal Projects/BudgetBackrooms/Content/AI_Stuff/FindRandomLocation.uasset" 824
"C:/Users/David/Documents/Unreal Projects/BudgetBackrooms/Content/AI_Stuff/FindRandomLocation.uexp" 825
"C:/Users/David/Documents/Unreal Projects/BudgetBackrooms/Content/AI_Stuff/BT_AI.uasset" 826
"C:/Users/David/Documents/Unreal Projects/BudgetBackrooms/Content/AI_Stuff/BT_AI.uexp" 827
"C:/Users/David/Documents/Unreal Projects/BudgetBackrooms/Content/AI_Stuff/AI_Controller.uasset" 828
"C:/Users/David/Documents/Unreal Projects/BudgetBackrooms/Content/AI_Stuff/AI_Controller.uexp" 829
"../../../Engine/Content/Animation/DefaultAnimCurveCompressionSettings.uasset" 830
"../../../Engine/Content/Animation/DefaultAnimCurveCompressionSettings.uexp" 831
"../../../Engine/Content/Animation/DefaultAnimBoneCompressionSettings.uasset" 832
"../../../Engine/Content/Animation/DefaultAnimBoneCompressionSettings.uexp" 833
"C:/Users/David/Documents/Unreal Projects/BudgetBackrooms/Content/AI_Stuff/model/Anim/Idle.uasset" 834
"C:/Users/David/Documents/Unreal Projects/BudgetBackrooms/Content/AI_Stuff/model/Anim/Idle.uexp" 835
"C:/Users/David/Documents/Unreal Projects/BudgetBackrooms/Content/AI_Stuff/model/Anim/Walking.uasset" 836
"C:/Users/David/Documents/Unreal Projects/BudgetBackrooms/Content/AI_Stuff/model/Anim/Walking.uexp" 837
"C:/Users/David/Documents/Unreal Projects/BudgetBackrooms/Content/AI_Stuff/model/Anim/Running.uasset" 838
"C:/Users/David/Documents/Unreal Projects/BudgetBackrooms/Content/AI_Stuff/model/Anim/Running.uexp" 839
"C:/Users/David/Documents/Unreal Projects/BudgetBackrooms/Content/AI_Stuff/model/Anim/Howler_Blendspace.uasset" 840
"C:/Users/David/Documents/Unreal Projects/BudgetBackrooms/Content/AI_Stuff/model/Anim/Howler_Blendspace.uexp" 841
"C:/Users/David/Documents/Unreal Projects/BudgetBackrooms/Content/AI_Stuff/model/Anim/NewAnimBlueprint.uasset" 842
"C:/Users/David/Documents/Unreal Projects/BudgetBackrooms/Content/AI_Stuff/model/Anim/NewAnimBlueprint.uexp" 843
"C:/Users/David/Documents/Unreal Projects/BudgetBackrooms/Content/Widgets/RespawnFadeIn.uasset" 844
"C:/Users/David/Documents/Unreal Projects/BudgetBackrooms/Content/Widgets/RespawnFadeIn.uexp" 845
"C:/Users/David/Documents/Unreal Projects/BudgetBackrooms/Content/aoodio/some_kind_of_jumpscare.uasset" 846
"C:/Users/David/Documents/Unreal Projects/BudgetBackrooms/Content/aoodio/some_kind_of_jumpscare.uexp" 847
"C:/Users/David/Documents/Unreal Projects/BudgetBackrooms/Content/AI_Stuff/AI.uasset" 848
"C:/Users/David/Documents/Unreal Projects/BudgetBackrooms/Content/AI_Stuff/AI.uexp" 849
"C:/Users/David/Documents/Unreal Projects/BudgetBackrooms/Content/aoodio/uave_file.uasset" 850
"C:/Users/David/Documents/Unreal Projects/BudgetBackrooms/Content/aoodio/uave_file.uexp" 851
"C:/Users/David/Documents/Unreal Projects/BudgetBackrooms/Content/aoodio/uave_file_Cue.uasset" 852
"C:/Users/David/Documents/Unreal Projects/BudgetBackrooms/Content/aoodio/uave_file_Cue.uexp" 853
"C:/Users/David/Documents/Unreal Projects/BudgetBackrooms/Content/aoodio/69d.uasset" 854
"C:/Users/David/Documents/Unreal Projects/BudgetBackrooms/Content/aoodio/69d.uexp" 855
"C:/Users/David/Documents/Unreal Projects/BudgetBackrooms/Content/Harti/M_BRooms/M_BRooms.uexp" 856
"C:/Users/David/Documents/Unreal Projects/BudgetBackrooms/Content/Harti/M_BRooms/M_BRooms.umap" 857
"../../../Engine/Content/Maps/Entry_BuiltData.uasset" 858
"../../../Engine/Content/Maps/Entry_BuiltData.uexp" 859
"../../../Engine/Content/Maps/Entry.uexp" 860
"../../../Engine/Content/Maps/Entry.umap" 861
